#
# A fatal error has been detected by the Java Runtime Environment:
#
#  Internal Error (jvmciRuntime.cpp:1609), pid=28, tid=42
#  fatal error: Fatal exception in JVMCI: Error calling jdk.vm.ci.services.Services.serializeSavedProperties
#
# JRE version: OpenJDK Runtime Environment GraalVM CE 22.3.0 (17.0.5+8) (build 17.0.5+8-jvmci-22.3-b08)
# Java VM: OpenJDK 64-Bit Server VM GraalVM CE 22.3.0 (17.0.5+8-jvmci-22.3-b08, mixed mode, sharing, tiered, jvmci, jvmci compiler, compressed oops, compressed class ptrs, parallel gc, linux-amd64)
# Problematic frame:
# V  [libjvm.so+0x972714]  JVMCIRuntime::fatal_exception(JVMCIEnv*, char const*)+0x74
#
# Core dump will be written. Default location: Core dumps may be processed with "/usr/share/apport/apport -p%p -s%s -c%c -d%d -P%P -u%u -g%g -- %E" (or dumping to /home/runner/pilhas/core.28)
#
# If you would like to submit a bug report, please visit:
#   https://github.com/oracle/graal/issues
#

---------------  S U M M A R Y ------------

Command Line: -XX:ThreadPriorityPolicy=1 -XX:+UnlockExperimentalVMOptions -XX:+EnableJVMCIProduct -XX:JVMCIThreadsPerNativeLibraryRuntime=1 -XX:-UnlockExperimentalVMOptions -Declipse.application=org.eclipse.jdt.ls.core.id1 -Dosgi.bundles.defaultStartLevel=4 -Declipse.product=org.eclipse.jdt.ls.core.product -Dlog.level=ALL -Xverify:none -XX:+UseParallelGC -XX:GCTimeRatio=4 -XX:AdaptiveSizePolicyWeight=90 -Dsun.zip.disableMemoryMapping=true -Xmx512m -Xms100m /nix/store/m6gcpi1ii6rghy04cjwjddcavv7i90df-jdt-language-server-1.9.0/share/java/plugins/org.eclipse.equinox.launcher_1.6.400.v20210924-0641.jar --add-modules=ALL-SYSTEM --add-opens java.base/java.util=ALL-UNNAMED --add-opens java.base/java.lang=ALL-UNNAMED -configuration /home/runner/.cache/jdt-language-server/config -data /home/runner/.cache/jdt-language-server/data/home/runner/pilhas

Host: AMD EPYC 7B12, 8 cores, 1G, Ubuntu 20.04.2 LTS
Time: Thu Mar 30 22:43:38 2023 UTC elapsed time: 1123.092122 seconds (0d 0h 18m 43s)

---------------  T H R E A D  ---------------

Current thread (0x00007f184c0b21b0):  JavaThread "JVMCI-native CompilerThread0" daemon [_thread_in_vm, id=42, stack(0x00007f1830518000,0x00007f1830718000)]


Current CompileTask:
JVMCI-native:1123092 9766       4       java.io.DataOutputStream::writeInt (62 bytes)

Stack: [0x00007f1830518000,0x00007f1830718000],  sp=0x00007f1830716380,  free space=2040k
Native frames: (J=compiled Java code, j=interpreted, Vv=VM code, C=native code)
V  [libjvm.so+0x972714]  JVMCIRuntime::fatal_exception(JVMCIEnv*, char const*)+0x74
V  [libjvm.so+0x93e2fe]  JVMCIEnv::copy_saved_properties()+0x14e
V  [libjvm.so+0x9732a9]  JVMCIRuntime::initialize(JVMCIEnv*)+0xb19
V  [libjvm.so+0x9738a2]  JVMCIRuntime::get_HotSpotJVMCIRuntime(JVMCIEnv*)+0x12
V  [libjvm.so+0x9749f2]  JVMCIRuntime::compile_method(JVMCIEnv*, JVMCICompiler*, methodHandle const&, int)+0xd2
V  [libjvm.so+0x5b0d20]  CompileBroker::invoke_compiler_on_method(CompileTask*)+0x1470
V  [libjvm.so+0x5b12e8]  CompileBroker::compiler_thread_loop()+0x528
V  [libjvm.so+0xd82460]  JavaThread::thread_main_inner()+0xd0
V  [libjvm.so+0xd85a40]  Thread::call_run()+0xc0
V  [libjvm.so+0xbdb1e1]  thread_native_entry(Thread*)+0xe1

Register to memory mapping:

RAX=0x00007f1850158000 points into unknown readable memory: 0x0000000000000058 | 58 00 00 00 00 00 00 00
RBX=0x00007f1851253398: <offset 0x0000000000ef5398> in /nix/store/gpxl5qgg8kicmcvivwmybwjlpf7wh20l-graalvm17-ce-22.3.0/lib/server/libjvm.so at 0x00007f185035e000
RCX=0x00007f185120b1e8: <offset 0x0000000000ead1e8> in /nix/store/gpxl5qgg8kicmcvivwmybwjlpf7wh20l-graalvm17-ce-22.3.0/lib/server/libjvm.so at 0x00007f185035e000
RDX=0x0000000000000649 is an unknown value
RSP=0x00007f1830716380 is pointing into the stack for thread: 0x00007f184c0b21b0
RBP=0x00007f18307163a0 is pointing into the stack for thread: 0x00007f184c0b21b0
RSI=0x00007f1851253c48: <offset 0x0000000000ef5c48> in /nix/store/gpxl5qgg8kicmcvivwmybwjlpf7wh20l-graalvm17-ce-22.3.0/lib/server/libjvm.so at 0x00007f185035e000
RDI=0x00000000e0000000 is an oop: java.util.Hashtable$Entry 
{0x00000000e0000000} - klass: 'java/util/Hashtable$Entry'
 - ---- fields (total size 4 words):
 - final 'hash' 'I' @12  174300849 (a639eb1)
 - final 'key' 'Ljava/lang/Object;' @16  "org/eclipse/osgi/storage/Storage$StorageException.class"{0x00000000e0000020} (e0000020)
 - 'value' 'Ljava/lang/Object;' @20  a 'java/security/CodeSigner'[1] {0x00000000e059ea10} (e059ea10)
 - 'next' 'Ljava/util/Hashtable$Entry;' @24  NULL (0)
R8 =0x00007f1851253398: <offset 0x0000000000ef5398> in /nix/store/gpxl5qgg8kicmcvivwmybwjlpf7wh20l-graalvm17-ce-22.3.0/lib/server/libjvm.so at 0x00007f185035e000
R9 =0x00007f1830716330 is pointing into the stack for thread: 0x00007f184c0b21b0
R10=0x00007f1830717948 is pointing into the stack for thread: 0x00007f184c0b21b0
R11=0x0000000000000293 is an unknown value
R12=0x0 is NULL
R13=0x00007f184c0b21b0 is a thread
R14=0x00007f184c000b80 points into unknown readable memory: 0x00007f1851484a38 | 38 4a 48 51 18 7f 00 00
R15=0x00007f1851592e40: <offset 0x0000000001234e40> in /nix/store/gpxl5qgg8kicmcvivwmybwjlpf7wh20l-graalvm17-ce-22.3.0/lib/server/libjvm.so at 0x00007f185035e000


Registers:
RAX=0x00007f1850158000, RBX=0x00007f1851253398, RCX=0x00007f185120b1e8, RDX=0x0000000000000649
RSP=0x00007f1830716380, RBP=0x00007f18307163a0, RSI=0x00007f1851253c48, RDI=0x00000000e0000000
R8 =0x00007f1851253398, R9 =0x00007f1830716330, R10=0x00007f1830717948, R11=0x0000000000000293
R12=0x0000000000000000, R13=0x00007f184c0b21b0, R14=0x00007f184c000b80, R15=0x00007f1851592e40
RIP=0x00007f1850cd0714, EFLAGS=0x0000000000010206, CSGSFS=0x002b000000000033, ERR=0x0000000000000006
  TRAPNO=0x000000000000000e

Top of Stack: (sp=0x00007f1830716380)
0x00007f1830716380:   00007f1830716940 00007f184c0b21b0
0x00007f1830716390:   00007f1831f7e8c8 0000000800c417a0
0x00007f18307163a0:   00007f1830716500 00007f1850c9c2fe
0x00007f18307163b0:   00007f18307163e0 00007f1830716440 

Instructions: (pc=0x00007f1850cd0714)
0x00007f1850cd0614:   30 e8 f6 cf e8 ff 4c 89 e7 e8 2e 48 d1 ff 84 db
0x00007f1850cd0624:   75 2a 4d 85 ed 74 04 4d 8b 6d 00 48 83 c4 08 44
0x00007f1850cd0634:   89 f9 4c 89 f2 4c 89 ee 5b 4c 89 e7 41 5c 41 5d
0x00007f1850cd0644:   41 5e 41 5f 5d e9 e2 47 d1 ff 66 90 48 83 c4 08
0x00007f1850cd0654:   5b 41 5c 41 5d 41 5e 41 5f 5d c3 90 31 d2 be 08
0x00007f1850cd0664:   00 00 00 4c 89 ff e8 b1 78 a3 ff 49 89 c5 e9 37
0x00007f1850cd0674:   ff ff ff 66 0f 1f 84 00 00 00 00 00 48 8b 7a 08
0x00007f1850cd0684:   e9 6d ff ff ff 0f 1f 80 00 00 00 00 e8 5b 48 0a
0x00007f1850cd0694:   00 84 c0 75 89 e9 6a ff ff ff 66 90 55 48 89 e5
0x00007f1850cd06a4:   41 56 41 55 41 54 49 89 fc 53 48 89 f3 66 48 8d
0x00007f1850cd06b4:   3d 27 5e 85 00 66 66 48 e8 df 43 8d ff 4c 8b 28
0x00007f1850cd06c4:   8b 05 be 72 8a 00 85 c0 75 14 ba 01 00 00 00 48
0x00007f1850cd06d4:   8d 0d ae 72 8a 00 f0 0f b1 11 85 c0 74 4e be c8
0x00007f1850cd06e4:   00 00 00 4c 89 ef e8 01 0b 41 00 48 8d 05 12 ac
0x00007f1850cd06f4:   85 00 49 89 d8 48 8d 0d e8 aa 53 00 ba 49 06 00
0x00007f1850cd0704:   00 48 8d 35 3c 35 58 00 bf 00 00 00 e0 48 8b 00
0x00007f1850cd0714:   c6 00 58 31 c0 e8 e2 91 c6 ff 5b 41 5c 41 5d 41
0x00007f1850cd0724:   5e 5d e9 55 34 26 00 0f 1f 44 00 00 48 8d 05 81
0x00007f1850cd0734:   a3 8b 00 48 89 df 4c 8b 30 e8 9e 43 8d ff 48 89
0x00007f1850cd0744:   de 48 89 c2 49 8b 06 4c 89 f7 ff 50 08 4c 89 f7
0x00007f1850cd0754:   e8 a7 5c 27 00 4d 85 e4 74 12 be 01 00 00 00 4c
0x00007f1850cd0764:   89 e7 e8 35 43 fc ff eb 82 0f 1f 00 be 01 00 00
0x00007f1850cd0774:   00 4c 89 ef e8 d3 fd ff ff e9 6d ff ff ff 66 66
0x00007f1850cd0784:   2e 0f 1f 84 00 00 00 00 00 0f 1f 00 55 48 89 e5
0x00007f1850cd0794:   41 57 41 56 41 55 41 54 53 48 81 ec 08 02 00 00
0x00007f1850cd07a4:   64 48 8b 04 25 28 00 00 00 48 89 45 c8 8b 07 83
0x00007f1850cd07b4:   f8 02 0f 84 11 04 00 00 4c 8b 6f 18 49 89 ff 49
0x00007f1850cd07c4:   89 f4 4d 85 ed 74 14 4c 89 ef e8 5d 57 22 00 41
0x00007f1850cd07d4:   8b 07 83 f8 02 0f 84 19 04 00 00 48 8d 1d 9a 06
0x00007f1850cd07e4:   8a 00 4c 8d 35 0b 3c 58 00 eb 38 90 48 85 d2 7f
0x00007f1850cd07f4:   0d 48 8d 05 b4 c0 85 00 48 83 38 00 7e 0e 41 8b
0x00007f1850cd0804:   77 2c 4c 89 f7 31 c0 e8 a0 b2 f7 ff 49 8b 7f 18 


Stack slot to memory mapping:
stack at sp + 0 slots: 0x00007f1830716940 is pointing into the stack for thread: 0x00007f184c0b21b0
stack at sp + 1 slots: 0x00007f184c0b21b0 is a thread
stack at sp + 2 slots: 0x00007f1831f7e8c8 points into unknown readable memory: 0x65730018052dffff | ff ff 2d 05 18 00 73 65
stack at sp + 3 slots: 0x0000000800c417a0 is a pointer to class: 
jdk.vm.ci.services.Services {0x0000000800c417a0}
 - instance size:     2
 - klass size:        65
 - access:            public final synchronized 
 - state:             fully_initialized
 - name:              'jdk/vm/ci/services/Services'
 - super:             'java/lang/Object'
 - sub:               
 - arrays:            NULL
 - methods:           Array<T>(0x00007f1831043430)
 - method ordering:   Array<T>(0x0000000800928960)
 - default_methods:   Array<T>(0x0000000000000000)
 - local interfaces:  Array<T>(0x00000008005ce810)
 - trans. interfaces: Array<T>(0x00000008005ce810)
 - constants:         constant pool [427] {0x00007f1831042380} for 'jdk/vm/ci/services/Services' cache=0x00007f1831044700
 - class loader data:  loader data: 0x00007f184c0283d0 of 'bootstrap'
 - source file:       'Services.java'
 - class annotations:       Array<T>(0x0000000000000000)
 - class type annotations:  Array<T>(0x0000000000000000)
 - field annotations:       Array<T>(0x0000000000000000)
 - field type annotations:  Array<T>(0x0000000000000000)
 - inner classes:     Array<T>(0x00007f18310446d0)
 - nest members:     Array<T>(0x00007f18310446f0)
 - permitted subclasses:     Array<T>(0x00000008005ce7a0)
 - java mirror:       a 'java/lang/Class'{0x00000000e01d9870} = 'jdk/vm/ci/services/Services'
 - vtable length      5  (start addr: 0x0000000800c41970)
 - itable length      2 (start addr: 0x0000000800c41998)
 - ---- static fields (3 words):
 - public static final 'IS_BUILDING_NATIVE_IMAGE' 'Z' @128 
 - public static final 'IS_IN_NATIVE_IMAGE' 'Z' @129 
 - private static volatile 'savedProperties' 'Ljava/util/Map;' @112 
 - static final 'JVMCI_ENABLED' 'Z' @130 
 - private static final 'servicesCache' 'Ljava/util/Map;' @116 
 - private static final 'MAX_UNICODE_IN_UTF8_LENGTH' 'I' @120 
 - private static final 'MAX_UTF8_PROPERTY_STRING_LENGTH' 'I' @124 
 - ---- non-static fields (0 words):
 - non-static oop maps: 
stack at sp + 4 slots: 0x00007f1830716500 is pointing into the stack for thread: 0x00007f184c0b21b0
stack at sp + 5 slots: 0x00007f1850c9c2fe: <offset 0x000000000093e2fe> in /nix/store/gpxl5qgg8kicmcvivwmybwjlpf7wh20l-graalvm17-ce-22.3.0/lib/server/libjvm.so at 0x00007f185035e000
stack at sp + 6 slots: 0x00007f18307163e0 is pointing into the stack for thread: 0x00007f184c0b21b0
stack at sp + 7 slots: 0x00007f1830716440 is pointing into the stack for thread: 0x00007f184c0b21b0


---------------  P R O C E S S  ---------------

Threads class SMR info:
_java_thread_list=0x00007f1790000b70, length=27, elements={
0x00007f184c026670, 0x00007f184c0a64b0, 0x00007f184c0a78f0, 0x00007f184c0ae020,
0x00007f184c0af3d0, 0x00007f184c0b07c0, 0x00007f184c0b21b0, 0x00007f184c0b36c0,
0x00007f184c0b4b10, 0x00007f184c0efd10, 0x00007f184c137c00, 0x00007f184c32bfe0,
0x00007f184c35edd0, 0x00007f184c361480, 0x00007f184c346440, 0x00007f17e0017130,
0x00007f17e02a2730, 0x00007f17c80010d0, 0x00007f17e0481430, 0x00007f17e05fe200,
0x00007f184c48de80, 0x00007f17c8007440, 0x00007f184c0c3aa0, 0x00007f17d0001580,
0x00007f17b0153f30, 0x00007f17b01544b0, 0x00007f17b0154df0
}

Java Threads: ( => current thread )
  0x00007f184c026670 JavaThread "main" [_thread_blocked, id=34, stack(0x00007f1850179000,0x00007f1850279000)]
  0x00007f184c0a64b0 JavaThread "Reference Handler" daemon [_thread_blocked, id=37, stack(0x00007f1830dfe000,0x00007f1830efe000)]
  0x00007f184c0a78f0 JavaThread "Finalizer" daemon [_thread_blocked, id=38, stack(0x00007f1830cfe000,0x00007f1830dfe000)]
  0x00007f184c0ae020 JavaThread "Signal Dispatcher" daemon [_thread_blocked, id=39, stack(0x00007f1830918000,0x00007f1830a18000)]
  0x00007f184c0af3d0 JavaThread "Service Thread" daemon [_thread_blocked, id=40, stack(0x00007f1830818000,0x00007f1830918000)]
  0x00007f184c0b07c0 JavaThread "Monitor Deflation Thread" daemon [_thread_blocked, id=41, stack(0x00007f1830718000,0x00007f1830818000)]
=>0x00007f184c0b21b0 JavaThread "JVMCI-native CompilerThread0" daemon [_thread_in_vm, id=42, stack(0x00007f1830518000,0x00007f1830718000)]
  0x00007f184c0b36c0 JavaThread "C1 CompilerThread0" daemon [_thread_blocked, id=43, stack(0x00007f1830318000,0x00007f1830518000)]
  0x00007f184c0b4b10 JavaThread "Sweeper thread" daemon [_thread_blocked, id=44, stack(0x00007f1830218000,0x00007f1830318000)]
  0x00007f184c0efd10 JavaThread "Common-Cleaner" daemon [_thread_blocked, id=45, stack(0x00007f1830118000,0x00007f1830218000)]
  0x00007f184c137c00 JavaThread "Notification Thread" daemon [_thread_blocked, id=47, stack(0x00007f1830018000,0x00007f1830118000)]
  0x00007f184c32bfe0 JavaThread "Active Thread: Equinox Container: 68e17358-121d-4dcf-b3cd-e8f1d6a01ac2" [_thread_blocked, id=60, stack(0x00007f1803ddc000,0x00007f1803edc000)]
  0x00007f184c35edd0 JavaThread "Framework Event Dispatcher: Equinox Container: 68e17358-121d-4dcf-b3cd-e8f1d6a01ac2" daemon [_thread_blocked, id=61, stack(0x00007f1800700000,0x00007f1800800000)]
  0x00007f184c361480 JavaThread "Start Level: Equinox Container: 68e17358-121d-4dcf-b3cd-e8f1d6a01ac2" daemon [_thread_blocked, id=62, stack(0x00007f1800500000,0x00007f1800600000)]
  0x00007f184c346440 JavaThread "Refresh Thread: Equinox Container: 68e17358-121d-4dcf-b3cd-e8f1d6a01ac2" daemon [_thread_blocked, id=71, stack(0x00007f1800300000,0x00007f1800400000)]
  0x00007f17e0017130 JavaThread "SCR Component Actor" daemon [_thread_blocked, id=72, stack(0x00007f1800100000,0x00007f1800200000)]
  0x00007f17e02a2730 JavaThread "Worker-JM" [_thread_blocked, id=82, stack(0x00007f17f7d00000,0x00007f17f7e00000)]
  0x00007f17c80010d0 JavaThread "Worker-1: Compacting resource model" [_thread_blocked, id=84, stack(0x00007f17f7900000,0x00007f17f7a00000)]
  0x00007f17e0481430 JavaThread "Java indexing" daemon [_thread_blocked, id=88, stack(0x00007f17f7700000,0x00007f17f7800000)]
  0x00007f17e05fe200 JavaThread "Bundle File Closer" daemon [_thread_blocked, id=94, stack(0x00007f17f7500000,0x00007f17f7600000)]
  0x00007f184c48de80 JavaThread "pool-3-thread-1" [_thread_blocked, id=95, stack(0x00007f17f7300000,0x00007f17f7400000)]
  0x00007f17c8007440 JavaThread "Worker-2: Periodic workspace save." [_thread_blocked, id=99, stack(0x00007f17f7100000,0x00007f17f7200000)]
  0x00007f184c0c3aa0 JavaThread "pool-2-thread-1" [_thread_blocked, id=105, stack(0x00007f17f7e00000,0x00007f17f7f00000)]
  0x00007f17d0001580 JavaThread "Worker-4: Java indexing... " [_thread_blocked, id=107, stack(0x00007f17f6f00000,0x00007f17f7000000)]
  0x00007f17b0153f30 JavaThread "Thread-19" [_thread_blocked, id=625, stack(0x00007f17f6b00000,0x00007f17f6c00000)]
  0x00007f17b01544b0 JavaThread "Thread-20" [_thread_blocked, id=771, stack(0x00007f17f7b00000,0x00007f17f7c00000)]
  0x00007f17b0154df0 JavaThread "Thread-21" [_thread_blocked, id=1160, stack(0x00007f17f7f00000,0x00007f17f8000000)]

Other Threads:
  0x00007f184c0a1bf0 VMThread "VM Thread" [stack: 0x00007f1830f00000,0x00007f1831000000] [id=36] _threads_hazard_ptr=0x00007f1790000b70
  0x00007f184c1395a0 WatcherThread [stack: 0x00007f1803f00000,0x00007f1804000000] [id=48]
  0x00007f184c03df10 GCTaskThread "GC Thread#0" [stack: 0x00007f18331c7000,0x00007f18332c7000] [id=35]

Threads with active compile tasks:
JVMCI-native CompilerThread0  1123218 9766       4       java.io.DataOutputStream::writeInt (62 bytes)

VM state: synchronizing (normal execution)

VM Mutex/Monitor currently owned by a thread:  ([mutex/lock_event])
[0x00007f184c023820] Threads_lock - owner thread: 0x00007f184c0a1bf0
[0x00007f184c023fd0] Heap_lock - owner thread: 0x00007f17d0001580

OutOfMemory and StackOverflow Exception counts:
OutOfMemoryError java_heap_errors=4
LinkageErrors=69

Heap address: 0x00000000e0000000, size: 512 MB, Compressed Oops mode: 32-bit

CDS archive(s) mapped at: [0x0000000800000000-0x0000000800bc8000-0x0000000800bc8000), size 12353536, SharedBaseAddress: 0x0000000800000000, ArchiveRelocationMode: 0.
Compressed class space mapped at: 0x0000000800c00000-0x0000000840c00000, reserved size: 1073741824
Narrow klass base: 0x0000000800000000, Narrow klass shift: 0, Narrow klass range: 0x100000000

GC Precious Log:
 CPUs: 8 total, 1 available
 Memory: 1024M
 Large Page Support: Disabled
 NUMA Support: Disabled
 Compressed Oops: Enabled (32-bit)
 Alignments: Space 512K, Generation 512K, Heap 2M
 Heap Min Capacity: 100M
 Heap Initial Capacity: 100M
 Heap Max Capacity: 512M
 Pre-touch: Disabled
 Parallel Workers: 1

Heap:
 PSYoungGen      total 48640K, used 31232K [0x00000000f5580000, 0x00000000f9780000, 0x0000000100000000)
  eden space 31232K, 100% used [0x00000000f5580000,0x00000000f7400000,0x00000000f7400000)
  from space 17408K, 0% used [0x00000000f8500000,0x00000000f8500000,0x00000000f9600000)
  to   space 17408K, 0% used [0x00000000f7400000,0x00000000f7400000,0x00000000f8500000)
 ParOldGen       total 349696K, used 349695K [0x00000000e0000000, 0x00000000f5580000, 0x00000000f5580000)
  object space 349696K, 99% used [0x00000000e0000000,0x00000000f557fff0,0x00000000f5580000)
 Metaspace       used 61565K, committed 62592K, reserved 1105920K
  class space    used 6073K, committed 6528K, reserved 1048576K

Card table byte_map: [0x00007f18332c7000,0x00007f18333c8000] _byte_map_base: 0x00007f1832bc7000

Marking Bits: (ParMarkBitMap*) 0x00007f185158c4c0
 Begin Bits: [0x00007f183211a000, 0x00007f183291a000)
 End Bits:   [0x00007f183291a000, 0x00007f183311a000)

Polling page: 0x00007f1850156000

Metaspace:

Usage:
  Non-class:     54.19 MB used.
      Class:      5.93 MB used.
       Both:     60.12 MB used.

Virtual space:
  Non-class space:       56.00 MB reserved,      54.75 MB ( 98%) committed,  7 nodes.
      Class space:        1.00 GB reserved,       6.38 MB ( <1%) committed,  1 nodes.
             Both:        1.05 GB reserved,      61.12 MB (  6%) committed. 

Chunk freelists:
   Non-Class:  856.00 KB
       Class:  1.67 MB
        Both:  2.51 MB

MaxMetaspaceSize: unlimited
CompressedClassSpaceSize: 1.00 GB
Initial GC threshold: 21.00 MB
Current GC threshold: 101.69 MB
CDS: on
MetaspaceReclaimPolicy: balanced
 - commit_granule_bytes: 65536.
 - commit_granule_words: 8192.
 - virtual_space_node_default_size: 1048576.
 - enlarge_chunks_in_place: 1.
 - new_chunks_are_fully_committed: 0.
 - uncommit_free_chunks: 1.
 - use_allocation_guard: 0.
 - handle_deallocations: 1.


Internal statistics:

num_allocs_failed_limit: 6.
num_arena_births: 518.
num_arena_deaths: 154.
num_vsnodes_births: 8.
num_vsnodes_deaths: 0.
num_space_committed: 977.
num_space_uncommitted: 0.
num_chunks_returned_to_freelist: 215.
num_chunks_taken_from_freelist: 2959.
num_chunk_merges: 87.
num_chunk_splits: 1906.
num_chunks_enlarged: 1182.
num_purges: 4.
num_inconsistent_stats: 0.

CodeHeap 'non-profiled nmethods': size=120036Kb used=2633Kb max_used=2633Kb free=117402Kb
 bounds [0x00007f183af7a000, 0x00007f183b21a000, 0x00007f18424b3000]
CodeHeap 'profiled nmethods': size=120032Kb used=16975Kb max_used=17601Kb free=103056Kb
 bounds [0x00007f1833a42000, 0x00007f1834b82000, 0x00007f183af7a000]
CodeHeap 'non-nmethods': size=5692Kb used=1401Kb max_used=1404Kb free=4290Kb
 bounds [0x00007f18334b3000, 0x00007f1833723000, 0x00007f1833a42000]
 total_blobs=8424 nmethods=7682 adapters=634
 compilation: enabled
              stopped_count=0, restarted_count=0
 full_count=0

JVMCI Events (20 events):
Event: 948.505 Thread 0x00007f184c0b21b0 destroyed JavaVM[7]@0x00007f17f619e340 for JVMCI runtime 0
Event: 948.505 Thread 0x00007f184c0b21b0 compacted oop handles in JVMCI runtime 0 from 43 to 43
Event: 948.505 Thread 0x00007f184c0b21b0 releasing handles for JVMCI runtime 0: oop handles=43, metadata handles={total=86, live=75, blocks=34}
Event: 948.505 Thread 0x00007f184c0b21b0 detached from JVMCI runtime 0
Event: 994.828 Thread 0x00007f184c0b21b0 attached to JVMCI runtime 0
Event: 994.829 Thread 0x00007f184c0b21b0 created JavaVM[8]@0x00007f17f619e340 for JVMCI runtime 0
Event: 996.267 Thread 0x00007f184c0b21b0 initializing JVMCI runtime 0
Event: 996.267 Thread 0x00007f184c0b21b0 done waiting for JavaVM references initialization in JVMCI runtime 0
Event: 1022.301 Thread 0x00007f184c0b21b0 initialized JVMCI runtime 0
Event: 1037.135 Thread 0x00007f184c0b21b0 detaching from JVMCI runtime 0: releasing idle compiler thread (0 other threads still attached)
Event: 1037.135 Thread 0x00007f184c0b21b0 shutting down HotSpotJVMCIRuntime for JVMCI runtime 0
Event: 1037.135 Thread 0x00007f184c0b21b0 shut down JVMCI runtime 0
Event: 1037.137 Thread 0x00007f184c0b21b0 destroyed JavaVM[8]@0x00007f17f619e340 for JVMCI runtime 0
Event: 1037.137 Thread 0x00007f184c0b21b0 compacted oop handles in JVMCI runtime 0 from 55 to 55
Event: 1037.137 Thread 0x00007f184c0b21b0 releasing handles for JVMCI runtime 0: oop handles=55, metadata handles={total=96, live=86, blocks=34}
Event: 1037.137 Thread 0x00007f184c0b21b0 detached from JVMCI runtime 0
Event: 1087.819 Thread 0x00007f184c0b21b0 attached to JVMCI runtime 0
Event: 1087.820 Thread 0x00007f184c0b21b0 created JavaVM[9]@0x00007f17f619e340 for JVMCI runtime 0
Event: 1089.033 Thread 0x00007f184c0b21b0 initializing JVMCI runtime 0
Event: 1089.033 Thread 0x00007f184c0b21b0 done waiting for JavaVM references initialization in JVMCI runtime 0

Compilation events (20 events):
Event: 877.891 Thread 0x00007f184c0b36c0 nmethod 9756 0x00007f1834563790 code [0x00007f1834563940, 0x00007f1834563b00]
Event: 917.893 Thread 0x00007f184c0b36c0 9757       3       java.lang.invoke.InnerClassLambdaMetafactory::generateConstructor (154 bytes)
Event: 919.123 Thread 0x00007f184c0b21b0 9758       4       java.lang.Enum::equals (11 bytes)
Event: 924.009 Thread 0x00007f184c0b36c0 nmethod 9757 0x00007f1834461710 code [0x00007f18344619e0, 0x00007f1834463560]
Event: 946.026 Thread 0x00007f184c0b21b0 nmethod 9758 0x00007f183b20b510 code [0x00007f183b20b680, 0x00007f183b20b6c8]
Event: 994.828 Thread 0x00007f184c0b21b0 9759       4       java.util.RegularEnumSet::contains (57 bytes)
Event: 1022.302 Thread 0x00007f184c0b36c0 9762       3       java.lang.invoke.MethodHandles$Lookup::resolveOrFail (48 bytes)
Event: 1022.303 Thread 0x00007f184c0b36c0 nmethod 9762 0x00007f1834309c90 code [0x00007f1834309ec0, 0x00007f183430a560]
Event: 1023.806 Thread 0x00007f184c0b21b0 nmethod 9759 0x00007f183b20b810 code [0x00007f183b20b980, 0x00007f183b20ba78]
Event: 1023.806 Thread 0x00007f184c0b21b0 9761       4       java.lang.StringBuilder::<init> (6 bytes)
Event: 1029.322 Thread 0x00007f184c0b21b0 nmethod 9761 0x00007f183b20bb90 code [0x00007f183b20bd20, 0x00007f183b20be78]
Event: 1029.322 Thread 0x00007f184c0b21b0 9760       4       java.lang.Thread::interrupted (23 bytes)
Event: 1035.698 Thread 0x00007f184c0b21b0 nmethod 9760 0x00007f183b20bf90 code [0x00007f183b20c120, 0x00007f183b20c1b0]
Event: 1046.085 Thread 0x00007f184c0b36c0 9763       3       org.eclipse.jdt.internal.core.JavaModelManager$VariablesAndContainersSaveHelper::saveNewId (40 bytes)
Event: 1046.085 Thread 0x00007f184c0b36c0 nmethod 9763 0x00007f18342eeb10 code [0x00007f18342eed00, 0x00007f18342ef050]
Event: 1060.196 Thread 0x00007f184c0b36c0 9764       3       org.eclipse.jdt.internal.core.JavaModelManager$VariablesAndContainersSaveHelper::saveString (21 bytes)
Event: 1060.197 Thread 0x00007f184c0b36c0 nmethod 9764 0x00007f1834461110 code [0x00007f18344612e0, 0x00007f1834461510]
Event: 1077.795 Thread 0x00007f184c0b36c0 9765       3       org.eclipse.jdt.internal.core.JavaModelManager$VariablesAndContainersSaveHelper::savePath (34 bytes)
Event: 1077.795 Thread 0x00007f184c0b36c0 nmethod 9765 0x00007f1834317c90 code [0x00007f1834317ec0, 0x00007f1834318900]
Event: 1087.819 Thread 0x00007f184c0b21b0 9766       4       java.io.DataOutputStream::writeInt (62 bytes)

GC Heap History (20 events):
Event: 1110.130 GC heap before
{Heap before GC invocations=873 (full 788):
 PSYoungGen      total 48640K, used 31231K [0x00000000f5580000, 0x00000000f9780000, 0x0000000100000000)
  eden space 31232K, 99% used [0x00000000f5580000,0x00000000f73ffff8,0x00000000f7400000)
  from space 17408K, 0% used [0x00000000f8500000,0x00000000f8500000,0x00000000f9600000)
  to   space 17408K, 0% used [0x00000000f7400000,0x00000000f7400000,0x00000000f8500000)
 ParOldGen       total 349696K, used 349693K [0x00000000e0000000, 0x00000000f5580000, 0x00000000f5580000)
  object space 349696K, 99% used [0x00000000e0000000,0x00000000f557f730,0x00000000f5580000)
 Metaspace       used 61565K, committed 62592K, reserved 1105920K
  class space    used 6073K, committed 6528K, reserved 1048576K
}
Event: 1111.530 GC heap after
{Heap after GC invocations=873 (full 788):
 PSYoungGen      total 48640K, used 31231K [0x00000000f5580000, 0x00000000f9780000, 0x0000000100000000)
  eden space 31232K, 99% used [0x00000000f5580000,0x00000000f73ffe50,0x00000000f7400000)
  from space 17408K, 0% used [0x00000000f7400000,0x00000000f7400000,0x00000000f8500000)
  to   space 17408K, 0% used [0x00000000f8500000,0x00000000f8500000,0x00000000f9600000)
 ParOldGen       total 349696K, used 349693K [0x00000000e0000000, 0x00000000f5580000, 0x00000000f5580000)
  object space 349696K, 99% used [0x00000000e0000000,0x00000000f557f668,0x00000000f5580000)
 Metaspace       used 61565K, committed 62592K, reserved 1105920K
  class space    used 6073K, committed 6528K, reserved 1048576K
}
Event: 1111.532 GC heap before
{Heap before GC invocations=874 (full 789):
 PSYoungGen      total 48640K, used 31232K [0x00000000f5580000, 0x00000000f9780000, 0x0000000100000000)
  eden space 31232K, 100% used [0x00000000f5580000,0x00000000f7400000,0x00000000f7400000)
  from space 17408K, 0% used [0x00000000f7400000,0x00000000f7400000,0x00000000f8500000)
  to   space 17408K, 0% used [0x00000000f8500000,0x00000000f8500000,0x00000000f9600000)
 ParOldGen       total 349696K, used 349693K [0x00000000e0000000, 0x00000000f5580000, 0x00000000f5580000)
  object space 349696K, 99% used [0x00000000e0000000,0x00000000f557f668,0x00000000f5580000)
 Metaspace       used 61565K, committed 62592K, reserved 1105920K
  class space    used 6073K, committed 6528K, reserved 1048576K
}
Event: 1112.732 GC heap after
{Heap after GC invocations=874 (full 789):
 PSYoungGen      total 48640K, used 31231K [0x00000000f5580000, 0x00000000f9780000, 0x0000000100000000)
  eden space 31232K, 99% used [0x00000000f5580000,0x00000000f73fffc0,0x00000000f7400000)
  from space 17408K, 0% used [0x00000000f8500000,0x00000000f8500000,0x00000000f9600000)
  to   space 17408K, 0% used [0x00000000f7400000,0x00000000f7400000,0x00000000f8500000)
 ParOldGen       total 349696K, used 349693K [0x00000000e0000000, 0x00000000f5580000, 0x00000000f5580000)
  object space 349696K, 99% used [0x00000000e0000000,0x00000000f557f668,0x00000000f5580000)
 Metaspace       used 61565K, committed 62592K, reserved 1105920K
  class space    used 6073K, committed 6528K, reserved 1048576K
}
Event: 1112.732 GC heap before
{Heap before GC invocations=875 (full 790):
 PSYoungGen      total 48640K, used 31232K [0x00000000f5580000, 0x00000000f9780000, 0x0000000100000000)
  eden space 31232K, 100% used [0x00000000f5580000,0x00000000f7400000,0x00000000f7400000)
  from space 17408K, 0% used [0x00000000f8500000,0x00000000f8500000,0x00000000f9600000)
  to   space 17408K, 0% used [0x00000000f7400000,0x00000000f7400000,0x00000000f8500000)
 ParOldGen       total 349696K, used 349693K [0x00000000e0000000, 0x00000000f5580000, 0x00000000f5580000)
  object space 349696K, 99% used [0x00000000e0000000,0x00000000f557f668,0x00000000f5580000)
 Metaspace       used 61565K, committed 62592K, reserved 1105920K
  class space    used 6073K, committed 6528K, reserved 1048576K
}
Event: 1114.118 GC heap after
{Heap after GC invocations=875 (full 790):
 PSYoungGen      total 48640K, used 31231K [0x00000000f5580000, 0x00000000f9780000, 0x0000000100000000)
  eden space 31232K, 99% used [0x00000000f5580000,0x00000000f73fffe0,0x00000000f7400000)
  from space 17408K, 0% used [0x00000000f7400000,0x00000000f7400000,0x00000000f8500000)
  to   space 17408K, 0% used [0x00000000f8500000,0x00000000f8500000,0x00000000f9600000)
 ParOldGen       total 349696K, used 349693K [0x00000000e0000000, 0x00000000f5580000, 0x00000000f5580000)
  object space 349696K, 99% used [0x00000000e0000000,0x00000000f557f648,0x00000000f5580000)
 Metaspace       used 61565K, committed 62592K, reserved 1105920K
  class space    used 6073K, committed 6528K, reserved 1048576K
}
Event: 1114.119 GC heap before
{Heap before GC invocations=876 (full 791):
 PSYoungGen      total 48640K, used 31232K [0x00000000f5580000, 0x00000000f9780000, 0x0000000100000000)
  eden space 31232K, 100% used [0x00000000f5580000,0x00000000f7400000,0x00000000f7400000)
  from space 17408K, 0% used [0x00000000f7400000,0x00000000f7400000,0x00000000f8500000)
  to   space 17408K, 0% used [0x00000000f8500000,0x00000000f8500000,0x00000000f9600000)
 ParOldGen       total 349696K, used 349693K [0x00000000e0000000, 0x00000000f5580000, 0x00000000f5580000)
  object space 349696K, 99% used [0x00000000e0000000,0x00000000f557f648,0x00000000f5580000)
 Metaspace       used 61565K, committed 62592K, reserved 1105920K
  class space    used 6073K, committed 6528K, reserved 1048576K
}
Event: 1115.325 GC heap after
{Heap after GC invocations=876 (full 791):
 PSYoungGen      total 48640K, used 31231K [0x00000000f5580000, 0x00000000f9780000, 0x0000000100000000)
  eden space 31232K, 99% used [0x00000000f5580000,0x00000000f73fffe0,0x00000000f7400000)
  from space 17408K, 0% used [0x00000000f8500000,0x00000000f8500000,0x00000000f9600000)
  to   space 17408K, 0% used [0x00000000f7400000,0x00000000f7400000,0x00000000f8500000)
 ParOldGen       total 349696K, used 349693K [0x00000000e0000000, 0x00000000f5580000, 0x00000000f5580000)
  object space 349696K, 99% used [0x00000000e0000000,0x00000000f557f648,0x00000000f5580000)
 Metaspace       used 61565K, committed 62592K, reserved 1105920K
  class space    used 6073K, committed 6528K, reserved 1048576K
}
Event: 1115.325 GC heap before
{Heap before GC invocations=877 (full 792):
 PSYoungGen      total 48640K, used 31231K [0x00000000f5580000, 0x00000000f9780000, 0x0000000100000000)
  eden space 31232K, 99% used [0x00000000f5580000,0x00000000f73ffff8,0x00000000f7400000)
  from space 17408K, 0% used [0x00000000f8500000,0x00000000f8500000,0x00000000f9600000)
  to   space 17408K, 0% used [0x00000000f7400000,0x00000000f7400000,0x00000000f8500000)
 ParOldGen       total 349696K, used 349693K [0x00000000e0000000, 0x00000000f5580000, 0x00000000f5580000)
  object space 349696K, 99% used [0x00000000e0000000,0x00000000f557f648,0x00000000f5580000)
 Metaspace       used 61565K, committed 62592K, reserved 1105920K
  class space    used 6073K, committed 6528K, reserved 1048576K
}
Event: 1116.589 GC heap after
{Heap after GC invocations=877 (full 792):
 PSYoungGen      total 48640K, used 31231K [0x00000000f5580000, 0x00000000f9780000, 0x0000000100000000)
  eden space 31232K, 99% used [0x00000000f5580000,0x00000000f73ffff8,0x00000000f7400000)
  from space 17408K, 0% used [0x00000000f7400000,0x00000000f7400000,0x00000000f8500000)
  to   space 17408K, 0% used [0x00000000f8500000,0x00000000f8500000,0x00000000f9600000)
 ParOldGen       total 349696K, used 349693K [0x00000000e0000000, 0x00000000f5580000, 0x00000000f5580000)
  object space 349696K, 99% used [0x00000000e0000000,0x00000000f557f648,0x00000000f5580000)
 Metaspace       used 61565K, committed 62592K, reserved 1105920K
  class space    used 6073K, committed 6528K, reserved 1048576K
}
Event: 1116.591 GC heap before
{Heap before GC invocations=878 (full 793):
 PSYoungGen      total 48640K, used 31231K [0x00000000f5580000, 0x00000000f9780000, 0x0000000100000000)
  eden space 31232K, 99% used [0x00000000f5580000,0x00000000f73ffff8,0x00000000f7400000)
  from space 17408K, 0% used [0x00000000f7400000,0x00000000f7400000,0x00000000f8500000)
  to   space 17408K, 0% used [0x00000000f8500000,0x00000000f8500000,0x00000000f9600000)
 ParOldGen       total 349696K, used 349696K [0x00000000e0000000, 0x00000000f5580000, 0x00000000f5580000)
  object space 349696K, 100% used [0x00000000e0000000,0x00000000f5580000,0x00000000f5580000)
 Metaspace       used 61565K, committed 62592K, reserved 1105920K
  class space    used 6073K, committed 6528K, reserved 1048576K
}
Event: 1117.934 GC heap after
{Heap after GC invocations=878 (full 793):
 PSYoungGen      total 48640K, used 31231K [0x00000000f5580000, 0x00000000f9780000, 0x0000000100000000)
  eden space 31232K, 99% used [0x00000000f5580000,0x00000000f73ffe30,0x00000000f7400000)
  from space 17408K, 0% used [0x00000000f8500000,0x00000000f8500000,0x00000000f9600000)
  to   space 17408K, 0% used [0x00000000f7400000,0x00000000f7400000,0x00000000f8500000)
 ParOldGen       total 349696K, used 349694K [0x00000000e0000000, 0x00000000f5580000, 0x00000000f5580000)
  object space 349696K, 99% used [0x00000000e0000000,0x00000000f557f900,0x00000000f5580000)
 Metaspace       used 61565K, committed 62592K, reserved 1105920K
  class space    used 6073K, committed 6528K, reserved 1048576K
}
Event: 1117.937 GC heap before
{Heap before GC invocations=879 (full 794):
 PSYoungGen      total 48640K, used 31232K [0x00000000f5580000, 0x00000000f9780000, 0x0000000100000000)
  eden space 31232K, 100% used [0x00000000f5580000,0x00000000f7400000,0x00000000f7400000)
  from space 17408K, 0% used [0x00000000f8500000,0x00000000f8500000,0x00000000f9600000)
  to   space 17408K, 0% used [0x00000000f7400000,0x00000000f7400000,0x00000000f8500000)
 ParOldGen       total 349696K, used 349694K [0x00000000e0000000, 0x00000000f5580000, 0x00000000f5580000)
  object space 349696K, 99% used [0x00000000e0000000,0x00000000f557f900,0x00000000f5580000)
 Metaspace       used 61565K, committed 62592K, reserved 1105920K
  class space    used 6073K, committed 6528K, reserved 1048576K
}
Event: 1119.189 GC heap after
{Heap after GC invocations=879 (full 794):
 PSYoungGen      total 48640K, used 31231K [0x00000000f5580000, 0x00000000f9780000, 0x0000000100000000)
  eden space 31232K, 99% used [0x00000000f5580000,0x00000000f73fff50,0x00000000f7400000)
  from space 17408K, 0% used [0x00000000f7400000,0x00000000f7400000,0x00000000f8500000)
  to   space 17408K, 0% used [0x00000000f8500000,0x00000000f8500000,0x00000000f9600000)
 ParOldGen       total 349696K, used 349694K [0x00000000e0000000, 0x00000000f5580000, 0x00000000f5580000)
  object space 349696K, 99% used [0x00000000e0000000,0x00000000f557f900,0x00000000f5580000)
 Metaspace       used 61565K, committed 62592K, reserved 1105920K
  class space    used 6073K, committed 6528K, reserved 1048576K
}
Event: 1119.190 GC heap before
{Heap before GC invocations=880 (full 795):
 PSYoungGen      total 48640K, used 31231K [0x00000000f5580000, 0x00000000f9780000, 0x0000000100000000)
  eden space 31232K, 99% used [0x00000000f5580000,0x00000000f73ffff8,0x00000000f7400000)
  from space 17408K, 0% used [0x00000000f7400000,0x00000000f7400000,0x00000000f8500000)
  to   space 17408K, 0% used [0x00000000f8500000,0x00000000f8500000,0x00000000f9600000)
 ParOldGen       total 349696K, used 349694K [0x00000000e0000000, 0x00000000f5580000, 0x00000000f5580000)
  object space 349696K, 99% used [0x00000000e0000000,0x00000000f557f900,0x00000000f5580000)
 Metaspace       used 61565K, committed 62592K, reserved 1105920K
  class space    used 6073K, committed 6528K, reserved 1048576K
}
Event: 1120.498 GC heap after
{Heap after GC invocations=880 (full 795):
 PSYoungGen      total 48640K, used 31231K [0x00000000f5580000, 0x00000000f9780000, 0x0000000100000000)
  eden space 31232K, 99% used [0x00000000f5580000,0x00000000f73ffff8,0x00000000f7400000)
  from space 17408K, 0% used [0x00000000f8500000,0x00000000f8500000,0x00000000f9600000)
  to   space 17408K, 0% used [0x00000000f7400000,0x00000000f7400000,0x00000000f8500000)
 ParOldGen       total 349696K, used 349694K [0x00000000e0000000, 0x00000000f5580000, 0x00000000f5580000)
  object space 349696K, 99% used [0x00000000e0000000,0x00000000f557f900,0x00000000f5580000)
 Metaspace       used 61565K, committed 62592K, reserved 1105920K
  class space    used 6073K, committed 6528K, reserved 1048576K
}
Event: 1120.499 GC heap before
{Heap before GC invocations=881 (full 796):
 PSYoungGen      total 48640K, used 31231K [0x00000000f5580000, 0x00000000f9780000, 0x0000000100000000)
  eden space 31232K, 99% used [0x00000000f5580000,0x00000000f73ffff8,0x00000000f7400000)
  from space 17408K, 0% used [0x00000000f8500000,0x00000000f8500000,0x00000000f9600000)
  to   space 17408K, 0% used [0x00000000f7400000,0x00000000f7400000,0x00000000f8500000)
 ParOldGen       total 349696K, used 349695K [0x00000000e0000000, 0x00000000f5580000, 0x00000000f5580000)
  object space 349696K, 99% used [0x00000000e0000000,0x00000000f557fff8,0x00000000f5580000)
 Metaspace       used 61565K, committed 62592K, reserved 1105920K
  class space    used 6073K, committed 6528K, reserved 1048576K
}
Event: 1121.723 GC heap after
{Heap after GC invocations=881 (full 796):
 PSYoungGen      total 48640K, used 31231K [0x00000000f5580000, 0x00000000f9780000, 0x0000000100000000)
  eden space 31232K, 99% used [0x00000000f5580000,0x00000000f73ffff8,0x00000000f7400000)
  from space 17408K, 0% used [0x00000000f7400000,0x00000000f7400000,0x00000000f8500000)
  to   space 17408K, 0% used [0x00000000f8500000,0x00000000f8500000,0x00000000f9600000)
 ParOldGen       total 349696K, used 349695K [0x00000000e0000000, 0x00000000f5580000, 0x00000000f5580000)
  object space 349696K, 99% used [0x00000000e0000000,0x00000000f557fea0,0x00000000f5580000)
 Metaspace       used 61565K, committed 62592K, reserved 1105920K
  class space    used 6073K, committed 6528K, reserved 1048576K
}
Event: 1121.723 GC heap before
{Heap before GC invocations=882 (full 797):
 PSYoungGen      total 48640K, used 31231K [0x00000000f5580000, 0x00000000f9780000, 0x0000000100000000)
  eden space 31232K, 99% used [0x00000000f5580000,0x00000000f73ffff8,0x00000000f7400000)
  from space 17408K, 0% used [0x00000000f7400000,0x00000000f7400000,0x00000000f8500000)
  to   space 17408K, 0% used [0x00000000f8500000,0x00000000f8500000,0x00000000f9600000)
 ParOldGen       total 349696K, used 349695K [0x00000000e0000000, 0x00000000f5580000, 0x00000000f5580000)
  object space 349696K, 99% used [0x00000000e0000000,0x00000000f557fea0,0x00000000f5580000)
 Metaspace       used 61565K, committed 62592K, reserved 1105920K
  class space    used 6073K, committed 6528K, reserved 1048576K
}
Event: 1123.085 GC heap after
{Heap after GC invocations=882 (full 797):
 PSYoungGen      total 48640K, used 31231K [0x00000000f5580000, 0x00000000f9780000, 0x0000000100000000)
  eden space 31232K, 99% used [0x00000000f5580000,0x00000000f73ffef8,0x00000000f7400000)
  from space 17408K, 0% used [0x00000000f8500000,0x00000000f8500000,0x00000000f9600000)
  to   space 17408K, 0% used [0x00000000f7400000,0x00000000f7400000,0x00000000f8500000)
 ParOldGen       total 349696K, used 349695K [0x00000000e0000000, 0x00000000f5580000, 0x00000000f5580000)
  object space 349696K, 99% used [0x00000000e0000000,0x00000000f557fdb8,0x00000000f5580000)
 Metaspace       used 61565K, committed 62592K, reserved 1105920K
  class space    used 6073K, committed 6528K, reserved 1048576K
}

Dll operation events (9 events):
Event: 0.002 Loaded shared library /nix/store/gpxl5qgg8kicmcvivwmybwjlpf7wh20l-graalvm17-ce-22.3.0/lib/libjava.so
Event: 0.016 Loaded shared library /nix/store/gpxl5qgg8kicmcvivwmybwjlpf7wh20l-graalvm17-ce-22.3.0/lib/libjsvml.so
Event: 0.231 Loaded shared library /nix/store/gpxl5qgg8kicmcvivwmybwjlpf7wh20l-graalvm17-ce-22.3.0/lib/libnio.so
Event: 0.240 Loaded shared library /nix/store/gpxl5qgg8kicmcvivwmybwjlpf7wh20l-graalvm17-ce-22.3.0/lib/libzip.so
Event: 0.244 Loaded shared library /nix/store/gpxl5qgg8kicmcvivwmybwjlpf7wh20l-graalvm17-ce-22.3.0/lib/libjvmcicompiler.so
Event: 0.596 Loaded shared library /nix/store/gpxl5qgg8kicmcvivwmybwjlpf7wh20l-graalvm17-ce-22.3.0/lib/libjimage.so
Event: 1.026 Loaded shared library /nix/store/gpxl5qgg8kicmcvivwmybwjlpf7wh20l-graalvm17-ce-22.3.0/lib/libnet.so
Event: 5.260 Loaded shared library /home/runner/.cache/jdt-language-server/config/org.eclipse.equinox.launcher/org.eclipse.equinox.launcher.gtk.linux.x86_64_1.2.400.v20211117-0650/eclipse_11600.so
Event: 15.122 Loaded shared library /nix/store/gpxl5qgg8kicmcvivwmybwjlpf7wh20l-graalvm17-ce-22.3.0/lib/libextnet.so

Deoptimization events (20 events):
Event: 68.918 Thread 0x00007f17e0481430 DEOPT PACKING pc=0x00007f18341c6a5d sp=0x00007f17f77fe530
Event: 68.918 Thread 0x00007f17e0481430 DEOPT UNPACKING pc=0x00007f1833505325 sp=0x00007f17f77fda20 mode 0
Event: 68.922 Thread 0x00007f17e0481430 DEOPT PACKING pc=0x00007f18341c6a5d sp=0x00007f17f77fe530
Event: 68.922 Thread 0x00007f17e0481430 DEOPT UNPACKING pc=0x00007f1833505325 sp=0x00007f17f77fda20 mode 0
Event: 68.923 Thread 0x00007f17e0481430 DEOPT PACKING pc=0x00007f18341c6a5d sp=0x00007f17f77fe530
Event: 68.923 Thread 0x00007f17e0481430 DEOPT UNPACKING pc=0x00007f1833505325 sp=0x00007f17f77fda20 mode 0
Event: 68.988 Thread 0x00007f17e0481430 DEOPT PACKING pc=0x00007f18341c6a5d sp=0x00007f17f77fe530
Event: 68.988 Thread 0x00007f17e0481430 DEOPT UNPACKING pc=0x00007f1833505325 sp=0x00007f17f77fda20 mode 0
Event: 68.995 Thread 0x00007f17e0481430 DEOPT PACKING pc=0x00007f18341c6a5d sp=0x00007f17f77fe530
Event: 68.995 Thread 0x00007f17e0481430 DEOPT UNPACKING pc=0x00007f1833505325 sp=0x00007f17f77fda20 mode 0
Event: 74.290 Thread 0x00007f184c0c3aa0 Uncommon trap: trap_request=0xffffffed fr.pc=0x00007f183b1623ab relative=0x000000000000018b
Event: 74.290 Thread 0x00007f184c0c3aa0 Uncommon trap: reason=null_assert_or_unreached0 action=reinterpret pc=0x00007f183b1623ab method=com.google.gson.stream.JsonReader.peek()Lcom/google/gson/stream/JsonToken; @ 14 jvmci
Event: 74.290 Thread 0x00007f184c0c3aa0 DEOPT PACKING pc=0x00007f183b1623ab sp=0x00007f17f7efdd20
Event: 74.290 Thread 0x00007f184c0c3aa0 DEOPT UNPACKING pc=0x00007f1833505325 sp=0x00007f17f7efd1b8 mode 3
Event: 413.224 Thread 0x00007f184c0b21b0 DEOPT PACKING pc=0x00007f183463103a sp=0x00007f1830715ef0
Event: 413.224 Thread 0x00007f184c0b21b0 DEOPT UNPACKING pc=0x00007f1833505325 sp=0x00007f1830715458 mode 0
Event: 567.261 Thread 0x00007f17c8007440 Uncommon trap: trap_request=0xffffff8f fr.pc=0x00007f183b1d3e5d relative=0x000000000000097d
Event: 567.261 Thread 0x00007f17c8007440 Uncommon trap: reason=constraint action=none pc=0x00007f183b1d3e5d method=java.util.HashMap.putVal(ILjava/lang/Object;Ljava/lang/Object;ZZ)Ljava/lang/Object; @ 29 jvmci
Event: 567.261 Thread 0x00007f17c8007440 DEOPT PACKING pc=0x00007f183b1d3e5d sp=0x00007f17f71fe000
Event: 567.261 Thread 0x00007f17c8007440 DEOPT UNPACKING pc=0x00007f1833505325 sp=0x00007f17f71fd4a0 mode 3

Classes unloaded (20 events):
Event: 81.029 Thread 0x00007f184c0a1bf0 Unloading class 0x0000000800f04000 'jdk/internal/reflect/GeneratedConstructorAccessor10'
Event: 81.030 Thread 0x00007f184c0a1bf0 Unloading class 0x0000000800d99000 'java/lang/invoke/LambdaForm$MH+0x0000000800d99000'
Event: 81.030 Thread 0x00007f184c0a1bf0 Unloading class 0x0000000800d98c00 'java/lang/invoke/LambdaForm$MH+0x0000000800d98c00'
Event: 81.030 Thread 0x00007f184c0a1bf0 Unloading class 0x0000000800d98800 'java/lang/invoke/LambdaForm$MH+0x0000000800d98800'
Event: 81.030 Thread 0x00007f184c0a1bf0 Unloading class 0x0000000800d98400 'java/lang/invoke/LambdaForm$MH+0x0000000800d98400'
Event: 81.030 Thread 0x00007f184c0a1bf0 Unloading class 0x0000000800d98000 'jdk/internal/reflect/GeneratedConstructorAccessor3'
Event: 81.030 Thread 0x00007f184c0a1bf0 Unloading class 0x0000000800d06800 'java/lang/invoke/LambdaForm$MH+0x0000000800d06800'
Event: 81.030 Thread 0x00007f184c0a1bf0 Unloading class 0x0000000800d06000 'java/lang/invoke/LambdaForm$MH+0x0000000800d06000'
Event: 81.030 Thread 0x00007f184c0a1bf0 Unloading class 0x0000000800d05c00 'java/lang/invoke/LambdaForm$MH+0x0000000800d05c00'
Event: 81.030 Thread 0x00007f184c0a1bf0 Unloading class 0x0000000800d05800 'java/lang/invoke/LambdaForm$MH+0x0000000800d05800'
Event: 81.030 Thread 0x00007f184c0a1bf0 Unloading class 0x0000000800d05000 'java/lang/invoke/LambdaForm$MH+0x0000000800d05000'
Event: 81.030 Thread 0x00007f184c0a1bf0 Unloading class 0x0000000800d04c00 'java/lang/invoke/LambdaForm$MH+0x0000000800d04c00'
Event: 81.030 Thread 0x00007f184c0a1bf0 Unloading class 0x0000000800d04800 'java/lang/invoke/LambdaForm$MH+0x0000000800d04800'
Event: 81.030 Thread 0x00007f184c0a1bf0 Unloading class 0x0000000800d04000 'java/lang/invoke/LambdaForm$MH+0x0000000800d04000'
Event: 81.030 Thread 0x00007f184c0a1bf0 Unloading class 0x0000000800c1d000 'jdk/internal/reflect/GeneratedMethodAccessor5'
Event: 81.030 Thread 0x00007f184c0a1bf0 Unloading class 0x0000000800c1cc00 'jdk/internal/reflect/GeneratedMethodAccessor4'
Event: 81.030 Thread 0x00007f184c0a1bf0 Unloading class 0x0000000800c1c800 'jdk/internal/reflect/GeneratedMethodAccessor3'
Event: 81.030 Thread 0x00007f184c0a1bf0 Unloading class 0x0000000800c1c400 'jdk/internal/reflect/GeneratedMethodAccessor2'
Event: 81.030 Thread 0x00007f184c0a1bf0 Unloading class 0x0000000800c1c000 'jdk/internal/reflect/GeneratedMethodAccessor1'
Event: 81.030 Thread 0x00007f184c0a1bf0 Unloading class 0x0000000800c01c00 'java/lang/invoke/LambdaForm$DMH+0x0000000800c01c00'

Classes redefined (0 events):
No events

Internal exceptions (20 events):
Event: 54.704 Thread 0x00007f17b0150ed0 Exception <a 'java/lang/NoSuchMethodError'{0x00000000f5a6adb0}: 'void java.lang.invoke.DirectMethodHandle$Holder.invokeSpecial(java.lang.Object, java.lang.Object, int)'> (0x00000000f5a6adb0) 
thrown [src/hotspot/share/interpreter/linkResolver.cpp, line 758]
Event: 54.901 Thread 0x00007f17b0153260 Exception <a 'java/lang/ArrayIndexOutOfBoundsException'{0x00000000f5da3140}: Index 73 out of bounds for length 73> (0x00000000f5da3140) 
thrown [src/hotspot/share/interpreter/interpreterRuntime.cpp, line 428]
Event: 54.901 Thread 0x00007f17b0153260 Exception <a 'java/lang/ArrayIndexOutOfBoundsException'{0x00000000f5da34c0}: Index 73 out of bounds for length 73> (0x00000000f5da34c0) 
thrown [src/hotspot/share/interpreter/interpreterRuntime.cpp, line 428]
Event: 54.901 Thread 0x00007f17b0153260 Exception <a 'java/lang/ArrayIndexOutOfBoundsException'{0x00000000f5da3840}: Index 74 out of bounds for length 73> (0x00000000f5da3840) 
thrown [src/hotspot/share/interpreter/interpreterRuntime.cpp, line 428]
Event: 55.205 Thread 0x00007f17b0150ed0 Exception <a 'java/lang/NoSuchMethodError'{0x00000000f6ae5580}: 'int java.lang.invoke.DirectMethodHandle$Holder.invokeSpecialIFC(java.lang.Object, java.lang.Object, java.lang.Object, java.lang.Object)'> (0x00000000f6ae5580) 
thrown [src/hotspot/share/interpreter/linkResolver.cpp, line 758]
Event: 55.206 Thread 0x00007f17b014f200 Exception <a 'java/lang/NoSuchMethodError'{0x00000000f6af73f8}: 'int java.lang.invoke.DirectMethodHandle$Holder.invokeSpecialIFC(java.lang.Object, java.lang.Object, java.lang.Object, java.lang.Object)'> (0x00000000f6af73f8) 
thrown [src/hotspot/share/interpreter/linkResolver.cpp, line 758]
Event: 58.903 Thread 0x00007f17b0153260 Exception <a 'java/lang/ArrayIndexOutOfBoundsException'{0x00000000f55c2418}: Index 74 out of bounds for length 74> (0x00000000f55c2418) 
thrown [src/hotspot/share/interpreter/interpreterRuntime.cpp, line 428]
Event: 58.903 Thread 0x00007f17b0153260 Exception <a 'java/lang/ArrayIndexOutOfBoundsException'{0x00000000f55c2798}: Index 74 out of bounds for length 74> (0x00000000f55c2798) 
thrown [src/hotspot/share/interpreter/interpreterRuntime.cpp, line 428]
Event: 58.903 Thread 0x00007f17b0153260 Exception <a 'java/lang/ArrayIndexOutOfBoundsException'{0x00000000f55c2b18}: Index 75 out of bounds for length 74> (0x00000000f55c2b18) 
thrown [src/hotspot/share/interpreter/interpreterRuntime.cpp, line 428]
Event: 61.095 Thread 0x00007f17b0153260 Exception <a 'java/lang/ArrayIndexOutOfBoundsException'{0x00000000f724b8e0}: Index 76 out of bounds for length 76> (0x00000000f724b8e0) 
thrown [src/hotspot/share/interpreter/interpreterRuntime.cpp, line 428]
Event: 61.095 Thread 0x00007f17b0153260 Exception <a 'java/lang/ArrayIndexOutOfBoundsException'{0x00000000f724bc60}: Index 76 out of bounds for length 76> (0x00000000f724bc60) 
thrown [src/hotspot/share/interpreter/interpreterRuntime.cpp, line 428]
Event: 61.095 Thread 0x00007f17b0153260 Exception <a 'java/lang/ArrayIndexOutOfBoundsException'{0x00000000f724bfe0}: Index 77 out of bounds for length 76> (0x00000000f724bfe0) 
thrown [src/hotspot/share/interpreter/interpreterRuntime.cpp, line 428]
Event: 61.368 Thread 0x00007f17b0153260 Exception <a 'java/lang/ArrayIndexOutOfBoundsException'{0x00000000f572e840}: Index 77 out of bounds for length 77> (0x00000000f572e840) 
thrown [src/hotspot/share/interpreter/interpreterRuntime.cpp, line 428]
Event: 61.368 Thread 0x00007f17b0153260 Exception <a 'java/lang/ArrayIndexOutOfBoundsException'{0x00000000f572ebc0}: Index 77 out of bounds for length 77> (0x00000000f572ebc0) 
thrown [src/hotspot/share/interpreter/interpreterRuntime.cpp, line 428]
Event: 61.368 Thread 0x00007f17b0153260 Exception <a 'java/lang/ArrayIndexOutOfBoundsException'{0x00000000f572ef40}: Index 78 out of bounds for length 77> (0x00000000f572ef40) 
thrown [src/hotspot/share/interpreter/interpreterRuntime.cpp, line 428]
Event: 494.034 Thread 0x00007f17b0153f30 Exception <a 'java/lang/OutOfMemoryError'{0x00000000e0017b50}> (0x00000000e0017b50) 
thrown [src/hotspot/share/gc/shared/memAllocator.cpp, line 136]
Event: 567.260 Thread 0x00007f17c8007440 Exception <a 'java/lang/OutOfMemoryError'{0x00000000e00180f0}> (0x00000000e00180f0) 
thrown [src/hotspot/share/gc/shared/memAllocator.cpp, line 138]
Event: 567.260 Thread 0x00007f17c8007440 Implicit null exception at 0x00007f183b1d3ba3 to 0x00007f183b1d3e42
Event: 575.015 Thread 0x00007f17b0154df0 Exception <a 'java/lang/OutOfMemoryError'{0x00000000e0018140}> (0x00000000e0018140) 
thrown [src/hotspot/share/gc/shared/memAllocator.cpp, line 136]
Event: 1123.085 Thread 0x00007f184c0b21b0 Exception <a 'java/lang/OutOfMemoryError'{0x00000000e0018140}> (0x00000000e0018140) 
thrown [src/hotspot/share/gc/shared/memAllocator.cpp, line 136]

VM Operations (20 events):
Event: 1108.841 Executing VM operation: ParallelGCFailedAllocation
Event: 1110.126 Executing VM operation: ParallelGCFailedAllocation done
Event: 1110.126 Executing VM operation: ParallelGCFailedAllocation
Event: 1111.531 Executing VM operation: ParallelGCFailedAllocation done
Event: 1111.531 Executing VM operation: ParallelGCFailedAllocation
Event: 1112.732 Executing VM operation: ParallelGCFailedAllocation done
Event: 1112.732 Executing VM operation: ParallelGCFailedAllocation
Event: 1114.118 Executing VM operation: ParallelGCFailedAllocation done
Event: 1114.119 Executing VM operation: ParallelGCFailedAllocation
Event: 1115.325 Executing VM operation: ParallelGCFailedAllocation done
Event: 1115.325 Executing VM operation: ParallelGCFailedAllocation
Event: 1116.589 Executing VM operation: ParallelGCFailedAllocation done
Event: 1116.591 Executing VM operation: ParallelGCFailedAllocation
Event: 1117.934 Executing VM operation: ParallelGCFailedAllocation done
Event: 1117.934 Executing VM operation: ParallelGCFailedAllocation
Event: 1119.189 Executing VM operation: ParallelGCFailedAllocation done
Event: 1119.190 Executing VM operation: ParallelGCFailedAllocation
Event: 1120.499 Executing VM operation: ParallelGCFailedAllocation done
Event: 1120.499 Executing VM operation: ParallelGCFailedAllocation
Event: 1123.085 Executing VM operation: ParallelGCFailedAllocation done

Events (20 events):
Event: 805.654 loading class java/time/ZonedDateTime
Event: 805.654 loading class java/time/chrono/ChronoZonedDateTime
Event: 805.654 loading class java/time/chrono/ChronoZonedDateTime done
Event: 805.654 loading class java/time/ZonedDateTime done
Event: 825.030 loading class java/util/logging/LogRecord$CallerFinder
Event: 838.393 loading class java/util/logging/LogRecord$CallerFinder done
Event: 957.124 loading class java/lang/StackStreamFactory
Event: 957.125 loading class java/lang/StackStreamFactory done
Event: 957.125 loading class java/lang/StackWalker$ExtendedOption
Event: 957.125 loading class java/lang/StackWalker$ExtendedOption done
Event: 957.125 loading class java/lang/StackStreamFactory$StackFrameTraverser
Event: 957.125 loading class java/lang/StackStreamFactory$StackFrameTraverser done
Event: 957.125 loading class java/lang/StackStreamFactory$WalkerState
Event: 957.125 loading class java/lang/StackStreamFactory$WalkerState done
Event: 958.411 loading class java/lang/StackStreamFactory$1
Event: 958.411 loading class java/lang/StackStreamFactory$1 done
Event: 962.224 loading class java/lang/StackStreamFactory$StackFrameTraverser$StackFrameBuffer
Event: 962.224 loading class java/lang/StackStreamFactory$FrameBuffer
Event: 965.933 loading class java/lang/StackStreamFactory$FrameBuffer done
Event: 965.933 loading class java/lang/StackStreamFactory$StackFrameTraverser$StackFrameBuffer done


Dynamic libraries:
e0000000-f5580000 rw-p 00000000 00:00 0 
f5580000-f9780000 rw-p 00000000 00:00 0 
f9780000-100000000 ---p 00000000 00:00 0 
800000000-800449000 rw-p 00001000 00:1e9a 4611686019135357769            /nix/store/gpxl5qgg8kicmcvivwmybwjlpf7wh20l-graalvm17-ce-22.3.0/lib/server/classes.jsa
800449000-800bc8000 r--p 0044a000 00:1e9a 4611686019135357769            /nix/store/gpxl5qgg8kicmcvivwmybwjlpf7wh20l-graalvm17-ce-22.3.0/lib/server/classes.jsa
800bc8000-800c00000 ---p 00000000 00:00 0 
800c00000-800c20000 rw-p 00000000 00:00 0 
800c20000-800c40000 rw-p 00000000 00:00 0 
800c40000-800cc0000 rw-p 00000000 00:00 0 
800cc0000-800d00000 rw-p 00000000 00:00 0 
800d00000-800dc0000 rw-p 00000000 00:00 0 
800dc0000-800e00000 rw-p 00000000 00:00 0 
800e00000-800f40000 rw-p 00000000 00:00 0 
800f40000-800fc0000 rw-p 00000000 00:00 0 
800fc0000-801000000 rw-p 00000000 00:00 0 
801000000-8011f0000 rw-p 00000000 00:00 0 
8011f0000-801200000 ---p 00000000 00:00 0 
801200000-801270000 rw-p 00000000 00:00 0 
801270000-840c00000 ---p 00000000 00:00 0 
55e091bab000-55e091bac000 r-xp 00000000 00:1e9a 4611686019099417844      /nix/store/gpxl5qgg8kicmcvivwmybwjlpf7wh20l-graalvm17-ce-22.3.0/bin/.java-wrapped
55e091bad000-55e091bae000 r--p 00001000 00:1e9a 4611686019099417844      /nix/store/gpxl5qgg8kicmcvivwmybwjlpf7wh20l-graalvm17-ce-22.3.0/bin/.java-wrapped
55e091bae000-55e091baf000 rw-p 00002000 00:1e9a 4611686019099417844      /nix/store/gpxl5qgg8kicmcvivwmybwjlpf7wh20l-graalvm17-ce-22.3.0/bin/.java-wrapped
55e091baf000-55e091bb0000 rw-p 00004000 00:1e9a 4611686019099417844      /nix/store/gpxl5qgg8kicmcvivwmybwjlpf7wh20l-graalvm17-ce-22.3.0/bin/.java-wrapped
55e091bb0000-55e091bb1000 rw-p 00005000 00:1e9a 4611686019099417844      /nix/store/gpxl5qgg8kicmcvivwmybwjlpf7wh20l-graalvm17-ce-22.3.0/bin/.java-wrapped
55e09246e000-55e0924b6000 rw-p 00000000 00:00 0                          [heap]
7f1780000000-7f178006e000 rw-p 00000000 00:00 0 
7f178006e000-7f1784000000 ---p 00000000 00:00 0 
7f1784000000-7f1784021000 rw-p 00000000 00:00 0 
7f1784021000-7f1788000000 ---p 00000000 00:00 0 
7f1788000000-7f1788021000 rw-p 00000000 00:00 0 
7f1788021000-7f178c000000 ---p 00000000 00:00 0 
7f178c000000-7f178c11e000 rw-p 00000000 00:00 0 
7f178c11e000-7f1790000000 ---p 00000000 00:00 0 
7f1790000000-7f1790021000 rw-p 00000000 00:00 0 
7f1790021000-7f1794000000 ---p 00000000 00:00 0 
7f1794000000-7f1794021000 rw-p 00000000 00:00 0 
7f1794021000-7f1798000000 ---p 00000000 00:00 0 
7f1798000000-7f1798021000 rw-p 00000000 00:00 0 
7f1798021000-7f179c000000 ---p 00000000 00:00 0 
7f179d400000-7f179d700000 rw-p 00000000 00:00 0 
7f179d700000-7f179d780000 rw-p 00000000 00:00 0 
7f179d780000-7f179d800000 ---p 00000000 00:00 0 
7f179d800000-7f179db40000 rw-p 00000000 00:00 0 
7f179db40000-7f179dc00000 ---p 00000000 00:00 0 
7f179e4b3000-7f17a8000000 r--s 00000000 00:1e9a 4611686019135192581      /nix/store/gpxl5qgg8kicmcvivwmybwjlpf7wh20l-graalvm17-ce-22.3.0/lib/modules
7f17a8000000-7f17a8021000 rw-p 00000000 00:00 0 
7f17a8021000-7f17ac000000 ---p 00000000 00:00 0 
7f17ac000000-7f17ac021000 rw-p 00000000 00:00 0 
7f17ac021000-7f17b0000000 ---p 00000000 00:00 0 
7f17b0000000-7f17b016f000 rw-p 00000000 00:00 0 
7f17b016f000-7f17b4000000 ---p 00000000 00:00 0 
7f17b4000000-7f17b4021000 rw-p 00000000 00:00 0 
7f17b4021000-7f17b8000000 ---p 00000000 00:00 0 
7f17b8000000-7f17b8021000 rw-p 00000000 00:00 0 
7f17b8021000-7f17bc000000 ---p 00000000 00:00 0 
7f17bc000000-7f17bc1c2000 rw-p 00000000 00:00 0 
7f17bc1c2000-7f17c0000000 ---p 00000000 00:00 0 
7f17c0000000-7f17c0051000 rw-p 00000000 00:00 0 
7f17c0051000-7f17c4000000 ---p 00000000 00:00 0 
7f17c4000000-7f17c4021000 rw-p 00000000 00:00 0 
7f17c4021000-7f17c8000000 ---p 00000000 00:00 0 
7f17c8000000-7f17c806b000 rw-p 00000000 00:00 0 
7f17c806b000-7f17cc000000 ---p 00000000 00:00 0 
7f17cc000000-7f17cc2f1000 rw-p 00000000 00:00 0 
7f17cc2f1000-7f17d0000000 ---p 00000000 00:00 0 
7f17d0000000-7f17d050c000 rw-p 00000000 00:00 0 
7f17d050c000-7f17d4000000 ---p 00000000 00:00 0 
7f17d4000000-7f17d4021000 rw-p 00000000 00:00 0 
7f17d4021000-7f17d8000000 ---p 00000000 00:00 0 
7f17d8000000-7f17d8021000 rw-p 00000000 00:00 0 
7f17d8021000-7f17dc000000 ---p 00000000 00:00 0 
7f17dd000000-7f17dd800000 rw-p 00000000 00:00 0 
7f17ddc00000-7f17de300000 rw-p 00000000 00:00 0 
7f17de300000-7f17de400000 rw-p 00000000 00:00 0 
7f17de400000-7f17de4c0000 rw-p 00000000 00:00 0 
7f17de4c0000-7f17de500000 rw-p 00000000 00:00 0 
7f17de500000-7f17de700000 rw-p 00000000 00:00 0 
7f17de700000-7f17de7e0000 rw-p 00000000 00:00 0 
7f17de7e0000-7f17de900000 rw-p 00000000 00:00 0 
7f17de900000-7f17deb00000 rw-p 00000000 00:00 0 
7f17deb00000-7f17dec00000 rw-p 00000000 00:00 0 
7f17dec00000-7f17ded00000 rw-p 00000000 00:00 0 
7f17ded00000-7f17dee00000 rw-p 00000000 00:00 0 
7f17dee00000-7f17df3c0000 rw-p 00000000 00:00 0 
7f17df3c0000-7f17df400000 rw-p 00000000 00:00 0 
7f17df400000-7f17df500000 rw-p 00000000 00:00 0 
7f17df500000-7f17df600000 rw-p 00000000 00:00 0 
7f17df600000-7f17df900000 rw-p 00000000 00:00 0 
7f17df900000-7f17dfa00000 rw-p 00000000 00:00 0 
7f17dfa00000-7f17dfc00000 rw-p 00000000 00:00 0 
7f17e0000000-7f17e08ba000 rw-p 00000000 00:00 0 
7f17e08ba000-7f17e4000000 ---p 00000000 00:00 0 
7f17e4000000-7f17e403d000 rw-p 00000000 00:00 0 
7f17e403d000-7f17e8000000 ---p 00000000 00:00 0 
7f17e8000000-7f17e8021000 rw-p 00000000 00:00 0 
7f17e8021000-7f17ec000000 ---p 00000000 00:00 0 
7f17ec000000-7f17ec021000 rw-p 00000000 00:00 0 
7f17ec021000-7f17f0000000 ---p 00000000 00:00 0 
7f17f0000000-7f17f0026000 rw-p 00000000 00:00 0 
7f17f0026000-7f17f4000000 ---p 00000000 00:00 0 
7f17f5000000-7f17f5010000 r-xp 00000000 00:1e97 353                      /home/runner/.cache/jdt-language-server/config/org.eclipse.equinox.launcher/org.eclipse.equinox.launcher.gtk.linux.x86_64_1.2.400.v20211117-0650/eclipse_11600.so
7f17f5010000-7f17f520f000 ---p 00010000 00:1e97 353                      /home/runner/.cache/jdt-language-server/config/org.eclipse.equinox.launcher/org.eclipse.equinox.launcher.gtk.linux.x86_64_1.2.400.v20211117-0650/eclipse_11600.so
7f17f520f000-7f17f5210000 r--p 0000f000 00:1e97 353                      /home/runner/.cache/jdt-language-server/config/org.eclipse.equinox.launcher/org.eclipse.equinox.launcher.gtk.linux.x86_64_1.2.400.v20211117-0650/eclipse_11600.so
7f17f5210000-7f17f5211000 rw-p 00010000 00:1e97 353                      /home/runner/.cache/jdt-language-server/config/org.eclipse.equinox.launcher/org.eclipse.equinox.launcher.gtk.linux.x86_64_1.2.400.v20211117-0650/eclipse_11600.so
7f17f5500000-7f17f5600000 ---p 00000000 00:00 0 
7f17f5600000-7f17f5baf000 r--p 01122000 00:1e9a 4611686019135190040      /nix/store/gpxl5qgg8kicmcvivwmybwjlpf7wh20l-graalvm17-ce-22.3.0/lib/libjvmcicompiler.so
7f17f5baf000-7f17f5d00000 r--p 00000000 00:00 0 
7f17f5d00000-7f17f5d3d000 rw-p 00000000 00:00 0 
7f17f5d3d000-7f17f625d000 rw-p 0185f000 00:1e9a 4611686019135190040      /nix/store/gpxl5qgg8kicmcvivwmybwjlpf7wh20l-graalvm17-ce-22.3.0/lib/libjvmcicompiler.so
7f17f625d000-7f17f6644000 r--p 01d7f000 00:1e9a 4611686019135190040      /nix/store/gpxl5qgg8kicmcvivwmybwjlpf7wh20l-graalvm17-ce-22.3.0/lib/libjvmcicompiler.so
7f17f6700000-7f17f6704000 ---p 00000000 00:00 0 
7f17f6704000-7f17f6800000 rw-p 00000000 00:00 0 
7f17f6900000-7f17f6904000 ---p 00000000 00:00 0 
7f17f6904000-7f17f6a00000 rw-p 00000000 00:00 0 
7f17f6a00000-7f17f6a04000 ---p 00000000 00:00 0 
7f17f6a04000-7f17f6b00000 rw-p 00000000 00:00 0 
7f17f6b00000-7f17f6b04000 ---p 00000000 00:00 0 
7f17f6b04000-7f17f6c00000 rw-p 00000000 00:00 0 
7f17f6d00000-7f17f6d04000 ---p 00000000 00:00 0 
7f17f6d04000-7f17f6e00000 rw-p 00000000 00:00 0 
7f17f6f00000-7f17f6f04000 ---p 00000000 00:00 0 
7f17f6f04000-7f17f7000000 rw-p 00000000 00:00 0 
7f17f7100000-7f17f7104000 ---p 00000000 00:00 0 
7f17f7104000-7f17f7200000 rw-p 00000000 00:00 0 
7f17f7300000-7f17f7304000 ---p 00000000 00:00 0 
7f17f7304000-7f17f7400000 rw-p 00000000 00:00 0 
7f17f7400000-7f17f7404000 ---p 00000000 00:00 0 
7f17f7404000-7f17f7500000 rw-p 00000000 00:00 0 
7f17f7500000-7f17f7504000 ---p 00000000 00:00 0 
7f17f7504000-7f17f7600000 rw-p 00000000 00:00 0 
7f17f7700000-7f17f7704000 ---p 00000000 00:00 0 
7f17f7704000-7f17f7800000 rw-p 00000000 00:00 0 
7f17f7800000-7f17f7804000 ---p 00000000 00:00 0 
7f17f7804000-7f17f7900000 rw-p 00000000 00:00 0 
7f17f7900000-7f17f7904000 ---p 00000000 00:00 0 
7f17f7904000-7f17f7a00000 rw-p 00000000 00:00 0 
7f17f7b00000-7f17f7b04000 ---p 00000000 00:00 0 
7f17f7b04000-7f17f7c00000 rw-p 00000000 00:00 0 
7f17f7d00000-7f17f7d04000 ---p 00000000 00:00 0 
7f17f7d04000-7f17f7e00000 rw-p 00000000 00:00 0 
7f17f7e00000-7f17f7e04000 ---p 00000000 00:00 0 
7f17f7e04000-7f17f7f00000 rw-p 00000000 00:00 0 
7f17f7f00000-7f17f7f04000 ---p 00000000 00:00 0 
7f17f7f04000-7f17f8000000 rw-p 00000000 00:00 0 
7f17f8000000-7f17f8021000 rw-p 00000000 00:00 0 
7f17f8021000-7f17fc000000 ---p 00000000 00:00 0 
7f17fc000000-7f17fc021000 rw-p 00000000 00:00 0 
7f17fc021000-7f1800000000 ---p 00000000 00:00 0 
7f1800100000-7f1800104000 ---p 00000000 00:00 0 
7f1800104000-7f1800200000 rw-p 00000000 00:00 0 
7f1800200000-7f1800204000 ---p 00000000 00:00 0 
7f1800204000-7f1800300000 rw-p 00000000 00:00 0 
7f1800300000-7f1800304000 ---p 00000000 00:00 0 
7f1800304000-7f1800400000 rw-p 00000000 00:00 0 
7f1800400000-7f1800404000 ---p 00000000 00:00 0 
7f1800404000-7f1800500000 rw-p 00000000 00:00 0 
7f1800500000-7f1800504000 ---p 00000000 00:00 0 
7f1800504000-7f1800600000 rw-p 00000000 00:00 0 
7f1800700000-7f1800704000 ---p 00000000 00:00 0 
7f1800704000-7f1800800000 rw-p 00000000 00:00 0 
7f1801468000-7f1801900000 rw-p 00000000 00:00 0 
7f1801a00000-7f1803b6a000 r-xp 00000000 00:1e9a 4611686019135190040      /nix/store/gpxl5qgg8kicmcvivwmybwjlpf7wh20l-graalvm17-ce-22.3.0/lib/libjvmcicompiler.so
7f1803b6a000-7f1803d69000 ---p 0216a000 00:1e9a 4611686019135190040      /nix/store/gpxl5qgg8kicmcvivwmybwjlpf7wh20l-graalvm17-ce-22.3.0/lib/libjvmcicompiler.so
7f1803d69000-7f1803d6a000 r--p 02169000 00:1e9a 4611686019135190040      /nix/store/gpxl5qgg8kicmcvivwmybwjlpf7wh20l-graalvm17-ce-22.3.0/lib/libjvmcicompiler.so
7f1803d6a000-7f1803d6c000 rw-p 0216a000 00:1e9a 4611686019135190040      /nix/store/gpxl5qgg8kicmcvivwmybwjlpf7wh20l-graalvm17-ce-22.3.0/lib/libjvmcicompiler.so
7f1803d6c000-7f1803d6d000 rw-p 00000000 00:00 0 
7f1803d6d000-7f1803d72000 rw-p 023c3000 00:1e9a 4611686019135190040      /nix/store/gpxl5qgg8kicmcvivwmybwjlpf7wh20l-graalvm17-ce-22.3.0/lib/libjvmcicompiler.so
7f1803ddc000-7f1803de0000 ---p 00000000 00:00 0 
7f1803de0000-7f1803edc000 rw-p 00000000 00:00 0 
7f1803edc000-7f1803ee0000 ---p 00000000 00:00 0 
7f1803ee0000-7f1803efe000 rw-p 00000000 00:00 0 
7f1803efe000-7f1803eff000 ---p 00000000 00:00 0 
7f1803eff000-7f1804000000 rw-p 00000000 00:00 0 
7f1804000000-7f1804021000 rw-p 00000000 00:00 0 
7f1804021000-7f1808000000 ---p 00000000 00:00 0 
7f1808000000-7f1808021000 rw-p 00000000 00:00 0 
7f1808021000-7f180c000000 ---p 00000000 00:00 0 
7f180c000000-7f180c0e4000 rw-p 00000000 00:00 0 
7f180c0e4000-7f1810000000 ---p 00000000 00:00 0 
7f1810000000-7f1810b61000 rw-p 00000000 00:00 0 
7f1810b61000-7f1814000000 ---p 00000000 00:00 0 
7f1814000000-7f1814021000 rw-p 00000000 00:00 0 
7f1814021000-7f1818000000 ---p 00000000 00:00 0 
7f1818000000-7f1818021000 rw-p 00000000 00:00 0 
7f1818021000-7f181c000000 ---p 00000000 00:00 0 
7f181c000000-7f181c021000 rw-p 00000000 00:00 0 
7f181c021000-7f1820000000 ---p 00000000 00:00 0 
7f1820000000-7f1820021000 rw-p 00000000 00:00 0 
7f1820021000-7f1824000000 ---p 00000000 00:00 0 
7f1824000000-7f1824021000 rw-p 00000000 00:00 0 
7f1824021000-7f1828000000 ---p 00000000 00:00 0 
7f1828000000-7f1828021000 rw-p 00000000 00:00 0 
7f1828021000-7f182c000000 ---p 00000000 00:00 0 
7f182c000000-7f182c074000 rw-p 00000000 00:00 0 
7f182c074000-7f1830000000 ---p 00000000 00:00 0 
7f1830013000-7f1830015000 r-xp 00000000 00:1e9a 4611686019135190017      /nix/store/gpxl5qgg8kicmcvivwmybwjlpf7wh20l-graalvm17-ce-22.3.0/lib/libextnet.so
7f1830015000-7f1830016000 r--p 00001000 00:1e9a 4611686019135190017      /nix/store/gpxl5qgg8kicmcvivwmybwjlpf7wh20l-graalvm17-ce-22.3.0/lib/libextnet.so
7f1830016000-7f1830017000 rw-p 00002000 00:1e9a 4611686019135190017      /nix/store/gpxl5qgg8kicmcvivwmybwjlpf7wh20l-graalvm17-ce-22.3.0/lib/libextnet.so
7f1830017000-7f1830018000 rw-p 00004000 00:1e9a 4611686019135190017      /nix/store/gpxl5qgg8kicmcvivwmybwjlpf7wh20l-graalvm17-ce-22.3.0/lib/libextnet.so
7f1830018000-7f183001c000 ---p 00000000 00:00 0 
7f183001c000-7f1830118000 rw-p 00000000 00:00 0 
7f1830118000-7f183011c000 ---p 00000000 00:00 0 
7f183011c000-7f1830218000 rw-p 00000000 00:00 0 
7f1830218000-7f183021c000 ---p 00000000 00:00 0 
7f183021c000-7f1830318000 rw-p 00000000 00:00 0 
7f1830318000-7f183031c000 ---p 00000000 00:00 0 
7f183031c000-7f1830518000 rw-p 00000000 00:00 0 
7f1830518000-7f183051c000 ---p 00000000 00:00 0 
7f183051c000-7f1830718000 rw-p 00000000 00:00 0 
7f1830718000-7f183071c000 ---p 00000000 00:00 0 
7f183071c000-7f1830818000 rw-p 00000000 00:00 0 
7f1830818000-7f183081c000 ---p 00000000 00:00 0 
7f183081c000-7f1830918000 rw-p 00000000 00:00 0 
7f1830918000-7f183091c000 ---p 00000000 00:00 0 
7f183091c000-7f1830a18000 rw-p 00000000 00:00 0 
7f1830a18000-7f1830cfe000 r--p 00000000 00:1e7d 28444448                 /usr/lib/locale/locale-archive
7f1830cfe000-7f1830d02000 ---p 00000000 00:00 0 
7f1830d02000-7f1830dfe000 rw-p 00000000 00:00 0 
7f1830dfe000-7f1830e02000 ---p 00000000 00:00 0 
7f1830e02000-7f1830efe000 rw-p 00000000 00:00 0 
7f1830efe000-7f1830eff000 ---p 00000000 00:00 0 
7f1830eff000-7f1831400000 rw-p 00000000 00:00 0 
7f1831400000-7f1831700000 rw-p 00000000 00:00 0 
7f1831700000-7f1831800000 rw-p 00000000 00:00 0 
7f1831800000-7f1831807000 r-xp 00000000 00:1e9a 4611686019135192580      /nix/store/gpxl5qgg8kicmcvivwmybwjlpf7wh20l-graalvm17-ce-22.3.0/lib/libzip.so
7f1831807000-7f1831808000 ---p 00007000 00:1e9a 4611686019135192580      /nix/store/gpxl5qgg8kicmcvivwmybwjlpf7wh20l-graalvm17-ce-22.3.0/lib/libzip.so
7f1831808000-7f1831809000 r--p 00007000 00:1e9a 4611686019135192580      /nix/store/gpxl5qgg8kicmcvivwmybwjlpf7wh20l-graalvm17-ce-22.3.0/lib/libzip.so
7f1831809000-7f183180a000 rw-p 00008000 00:1e9a 4611686019135192580      /nix/store/gpxl5qgg8kicmcvivwmybwjlpf7wh20l-graalvm17-ce-22.3.0/lib/libzip.so
7f183180a000-7f183180c000 rw-p 0000b000 00:1e9a 4611686019135192580      /nix/store/gpxl5qgg8kicmcvivwmybwjlpf7wh20l-graalvm17-ce-22.3.0/lib/libzip.so
7f183180c000-7f1831821000 r-xp 00000000 00:1e9a 4611686019135192570      /nix/store/gpxl5qgg8kicmcvivwmybwjlpf7wh20l-graalvm17-ce-22.3.0/lib/libnet.so
7f1831821000-7f1831822000 ---p 00015000 00:1e9a 4611686019135192570      /nix/store/gpxl5qgg8kicmcvivwmybwjlpf7wh20l-graalvm17-ce-22.3.0/lib/libnet.so
7f1831822000-7f1831823000 r--p 00015000 00:1e9a 4611686019135192570      /nix/store/gpxl5qgg8kicmcvivwmybwjlpf7wh20l-graalvm17-ce-22.3.0/lib/libnet.so
7f1831823000-7f1831824000 rw-p 00016000 00:1e9a 4611686019135192570      /nix/store/gpxl5qgg8kicmcvivwmybwjlpf7wh20l-graalvm17-ce-22.3.0/lib/libnet.so
7f1831824000-7f1831827000 rw-p 0001b000 00:1e9a 4611686019135192570      /nix/store/gpxl5qgg8kicmcvivwmybwjlpf7wh20l-graalvm17-ce-22.3.0/lib/libnet.so
7f1831827000-7f18318f5000 r-xp 00000000 00:1e9a 4611686019135190036      /nix/store/gpxl5qgg8kicmcvivwmybwjlpf7wh20l-graalvm17-ce-22.3.0/lib/libjsvml.so
7f18318f5000-7f18318f6000 r--p 000cd000 00:1e9a 4611686019135190036      /nix/store/gpxl5qgg8kicmcvivwmybwjlpf7wh20l-graalvm17-ce-22.3.0/lib/libjsvml.so
7f18318f6000-7f18318f7000 rw-p 000ce000 00:1e9a 4611686019135190036      /nix/store/gpxl5qgg8kicmcvivwmybwjlpf7wh20l-graalvm17-ce-22.3.0/lib/libjsvml.so
7f18318f7000-7f18331c5000 rw-p 00000000 00:00 0 
7f18331c5000-7f18331c6000 ---p 00000000 00:00 0 
7f18331c6000-7f1833371000 rw-p 00000000 00:00 0 
7f1833371000-7f1833393000 rw-p 00000000 00:00 0 
7f1833393000-7f18333c7000 ---p 00000000 00:00 0 
7f18333c7000-7f18333ce000 rw-p 00000000 00:00 0 
7f18333ce000-7f18334b3000 ---p 00000000 00:00 0 
7f18334b3000-7f1833723000 rwxp 00000000 00:00 0 
7f1833723000-7f1833a42000 ---p 00000000 00:00 0 
7f1833a42000-7f1834b82000 rwxp 00000000 00:00 0 
7f1834b82000-7f183af7a000 ---p 00000000 00:00 0 
7f183af7a000-7f183b21a000 rwxp 00000000 00:00 0 
7f183b21a000-7f18424b3000 ---p 00000000 00:00 0 
7f18424b3000-7f184c000000 r--s 00000000 00:1e9a 4611686019135192581      /nix/store/gpxl5qgg8kicmcvivwmybwjlpf7wh20l-graalvm17-ce-22.3.0/lib/modules
7f184c000000-7f184c62c000 rw-p 00000000 00:00 0 
7f184c62c000-7f1850000000 ---p 00000000 00:00 0 
7f1850004000-7f1850017000 r-xp 00000000 00:1e9a 4611686019135192571      /nix/store/gpxl5qgg8kicmcvivwmybwjlpf7wh20l-graalvm17-ce-22.3.0/lib/libnio.so
7f1850017000-7f1850018000 r--p 00012000 00:1e9a 4611686019135192571      /nix/store/gpxl5qgg8kicmcvivwmybwjlpf7wh20l-graalvm17-ce-22.3.0/lib/libnio.so
7f1850018000-7f1850019000 rw-p 00013000 00:1e9a 4611686019135192571      /nix/store/gpxl5qgg8kicmcvivwmybwjlpf7wh20l-graalvm17-ce-22.3.0/lib/libnio.so
7f1850019000-7f185001e000 rw-p 00019000 00:1e9a 4611686019135192571      /nix/store/gpxl5qgg8kicmcvivwmybwjlpf7wh20l-graalvm17-ce-22.3.0/lib/libnio.so
7f185001e000-7f185004b000 rw-p 00000000 00:00 0 
7f185004b000-7f1850113000 ---p 00000000 00:00 0 
7f1850113000-7f1850118000 rw-p 00000000 00:00 0 
7f1850118000-7f185011f000 ---p 00000000 00:00 0 
7f185011f000-7f1850143000 r-xp 00000000 00:1e9a 4611686019135190028      /nix/store/gpxl5qgg8kicmcvivwmybwjlpf7wh20l-graalvm17-ce-22.3.0/lib/libjava.so
7f1850143000-7f1850144000 ---p 00024000 00:1e9a 4611686019135190028      /nix/store/gpxl5qgg8kicmcvivwmybwjlpf7wh20l-graalvm17-ce-22.3.0/lib/libjava.so
7f1850144000-7f1850145000 r--p 00024000 00:1e9a 4611686019135190028      /nix/store/gpxl5qgg8kicmcvivwmybwjlpf7wh20l-graalvm17-ce-22.3.0/lib/libjava.so
7f1850145000-7f1850146000 rw-p 00025000 00:1e9a 4611686019135190028      /nix/store/gpxl5qgg8kicmcvivwmybwjlpf7wh20l-graalvm17-ce-22.3.0/lib/libjava.so
7f1850146000-7f1850147000 rw-p 00000000 00:00 0 
7f1850147000-7f185014e000 rw-p 0002f000 00:1e9a 4611686019135190028      /nix/store/gpxl5qgg8kicmcvivwmybwjlpf7wh20l-graalvm17-ce-22.3.0/lib/libjava.so
7f185014e000-7f1850156000 rw-s 00000000 00:285 350                       /tmp/hsperfdata_runner/28
7f1850156000-7f1850157000 ---p 00000000 00:00 0 
7f1850157000-7f1850158000 r--p 00000000 00:00 0 
7f1850158000-7f1850159000 rwxp 00000000 00:00 0 
7f1850159000-7f1850174000 r-xp 00000000 00:1e9a 4611686019135190032      /nix/store/gpxl5qgg8kicmcvivwmybwjlpf7wh20l-graalvm17-ce-22.3.0/lib/libjimage.so
7f1850174000-7f1850175000 ---p 0001b000 00:1e9a 4611686019135190032      /nix/store/gpxl5qgg8kicmcvivwmybwjlpf7wh20l-graalvm17-ce-22.3.0/lib/libjimage.so
7f1850175000-7f1850177000 r--p 0001b000 00:1e9a 4611686019135190032      /nix/store/gpxl5qgg8kicmcvivwmybwjlpf7wh20l-graalvm17-ce-22.3.0/lib/libjimage.so
7f1850177000-7f1850178000 rw-p 0001d000 00:1e9a 4611686019135190032      /nix/store/gpxl5qgg8kicmcvivwmybwjlpf7wh20l-graalvm17-ce-22.3.0/lib/libjimage.so
7f1850178000-7f1850179000 rw-p 00024000 00:1e9a 4611686019135190032      /nix/store/gpxl5qgg8kicmcvivwmybwjlpf7wh20l-graalvm17-ce-22.3.0/lib/libjimage.so
7f1850179000-7f185017d000 ---p 00000000 00:00 0 
7f185017d000-7f1850279000 rw-p 00000000 00:00 0 
7f1850279000-7f1850287000 r--p 00000000 00:1e9a 4611686019027979927      /nix/store/4nlgxhb09sdr51nc9hdm8az5b08vzkgx-glibc-2.35-163/lib/libm.so.6
7f1850287000-7f18502fa000 r-xp 0000e000 00:1e9a 4611686019027979927      /nix/store/4nlgxhb09sdr51nc9hdm8az5b08vzkgx-glibc-2.35-163/lib/libm.so.6
7f18502fa000-7f1850357000 r--p 00081000 00:1e9a 4611686019027979927      /nix/store/4nlgxhb09sdr51nc9hdm8az5b08vzkgx-glibc-2.35-163/lib/libm.so.6
7f1850357000-7f1850358000 r--p 000dd000 00:1e9a 4611686019027979927      /nix/store/4nlgxhb09sdr51nc9hdm8az5b08vzkgx-glibc-2.35-163/lib/libm.so.6
7f1850358000-7f1850359000 rw-p 000de000 00:1e9a 4611686019027979927      /nix/store/4nlgxhb09sdr51nc9hdm8az5b08vzkgx-glibc-2.35-163/lib/libm.so.6
7f1850359000-7f185035a000 r--p 00000000 00:1e9a 4611686019027979946      /nix/store/4nlgxhb09sdr51nc9hdm8az5b08vzkgx-glibc-2.35-163/lib/librt.so.1
7f185035a000-7f185035b000 r-xp 00001000 00:1e9a 4611686019027979946      /nix/store/4nlgxhb09sdr51nc9hdm8az5b08vzkgx-glibc-2.35-163/lib/librt.so.1
7f185035b000-7f185035c000 r--p 00002000 00:1e9a 4611686019027979946      /nix/store/4nlgxhb09sdr51nc9hdm8az5b08vzkgx-glibc-2.35-163/lib/librt.so.1
7f185035c000-7f185035d000 r--p 00002000 00:1e9a 4611686019027979946      /nix/store/4nlgxhb09sdr51nc9hdm8az5b08vzkgx-glibc-2.35-163/lib/librt.so.1
7f185035d000-7f185035e000 rw-p 00003000 00:1e9a 4611686019027979946      /nix/store/4nlgxhb09sdr51nc9hdm8az5b08vzkgx-glibc-2.35-163/lib/librt.so.1
7f185035e000-7f1851471000 r-xp 00000000 00:1e9a 4611686019135360866      /nix/store/gpxl5qgg8kicmcvivwmybwjlpf7wh20l-graalvm17-ce-22.3.0/lib/server/libjvm.so
7f1851471000-7f1851472000 ---p 01113000 00:1e9a 4611686019135360866      /nix/store/gpxl5qgg8kicmcvivwmybwjlpf7wh20l-graalvm17-ce-22.3.0/lib/server/libjvm.so
7f1851472000-7f1851527000 r--p 01113000 00:1e9a 4611686019135360866      /nix/store/gpxl5qgg8kicmcvivwmybwjlpf7wh20l-graalvm17-ce-22.3.0/lib/server/libjvm.so
7f1851527000-7f185155b000 rw-p 011c8000 00:1e9a 4611686019135360866      /nix/store/gpxl5qgg8kicmcvivwmybwjlpf7wh20l-graalvm17-ce-22.3.0/lib/server/libjvm.so
7f185155b000-7f18515b7000 rw-p 00000000 00:00 0 
7f18515b7000-7f18515df000 r--p 00000000 00:1e9a 4611686019027979918      /nix/store/4nlgxhb09sdr51nc9hdm8az5b08vzkgx-glibc-2.35-163/lib/libc.so.6
7f18515df000-7f1851755000 r-xp 00028000 00:1e9a 4611686019027979918      /nix/store/4nlgxhb09sdr51nc9hdm8az5b08vzkgx-glibc-2.35-163/lib/libc.so.6
7f1851755000-7f18517ad000 r--p 0019e000 00:1e9a 4611686019027979918      /nix/store/4nlgxhb09sdr51nc9hdm8az5b08vzkgx-glibc-2.35-163/lib/libc.so.6
7f18517ad000-7f18517b1000 r--p 001f6000 00:1e9a 4611686019027979918      /nix/store/4nlgxhb09sdr51nc9hdm8az5b08vzkgx-glibc-2.35-163/lib/libc.so.6
7f18517b1000-7f18517b3000 rw-p 001fa000 00:1e9a 4611686019027979918      /nix/store/4nlgxhb09sdr51nc9hdm8az5b08vzkgx-glibc-2.35-163/lib/libc.so.6
7f18517b3000-7f18517c2000 rw-p 00000000 00:00 0 
7f18517c2000-7f18517c3000 r--p 00000000 00:1e9a 4611686019027979923      /nix/store/4nlgxhb09sdr51nc9hdm8az5b08vzkgx-glibc-2.35-163/lib/libdl.so.2
7f18517c3000-7f18517c4000 r-xp 00001000 00:1e9a 4611686019027979923      /nix/store/4nlgxhb09sdr51nc9hdm8az5b08vzkgx-glibc-2.35-163/lib/libdl.so.2
7f18517c4000-7f18517c5000 r--p 00002000 00:1e9a 4611686019027979923      /nix/store/4nlgxhb09sdr51nc9hdm8az5b08vzkgx-glibc-2.35-163/lib/libdl.so.2
7f18517c5000-7f18517c6000 r--p 00002000 00:1e9a 4611686019027979923      /nix/store/4nlgxhb09sdr51nc9hdm8az5b08vzkgx-glibc-2.35-163/lib/libdl.so.2
7f18517c6000-7f18517c7000 rw-p 00003000 00:1e9a 4611686019027979923      /nix/store/4nlgxhb09sdr51nc9hdm8az5b08vzkgx-glibc-2.35-163/lib/libdl.so.2
7f18517c7000-7f18517c8000 r--p 00000000 00:1e9a 4611686019027979942      /nix/store/4nlgxhb09sdr51nc9hdm8az5b08vzkgx-glibc-2.35-163/lib/libpthread.so.0
7f18517c8000-7f18517c9000 r-xp 00001000 00:1e9a 4611686019027979942      /nix/store/4nlgxhb09sdr51nc9hdm8az5b08vzkgx-glibc-2.35-163/lib/libpthread.so.0
7f18517c9000-7f18517ca000 r--p 00002000 00:1e9a 4611686019027979942      /nix/store/4nlgxhb09sdr51nc9hdm8az5b08vzkgx-glibc-2.35-163/lib/libpthread.so.0
7f18517ca000-7f18517cb000 r--p 00002000 00:1e9a 4611686019027979942      /nix/store/4nlgxhb09sdr51nc9hdm8az5b08vzkgx-glibc-2.35-163/lib/libpthread.so.0
7f18517cb000-7f18517cc000 rw-p 00003000 00:1e9a 4611686019027979942      /nix/store/4nlgxhb09sdr51nc9hdm8az5b08vzkgx-glibc-2.35-163/lib/libpthread.so.0
7f18517cc000-7f18517da000 r-xp 00000000 00:1e9a 4611686019135190033      /nix/store/gpxl5qgg8kicmcvivwmybwjlpf7wh20l-graalvm17-ce-22.3.0/lib/libjli.so
7f18517da000-7f18517db000 ---p 0000e000 00:1e9a 4611686019135190033      /nix/store/gpxl5qgg8kicmcvivwmybwjlpf7wh20l-graalvm17-ce-22.3.0/lib/libjli.so
7f18517db000-7f18517dc000 r--p 0000e000 00:1e9a 4611686019135190033      /nix/store/gpxl5qgg8kicmcvivwmybwjlpf7wh20l-graalvm17-ce-22.3.0/lib/libjli.so
7f18517dc000-7f18517dd000 rw-p 0000f000 00:1e9a 4611686019135190033      /nix/store/gpxl5qgg8kicmcvivwmybwjlpf7wh20l-graalvm17-ce-22.3.0/lib/libjli.so
7f18517dd000-7f18517de000 rw-p 00012000 00:1e9a 4611686019135190033      /nix/store/gpxl5qgg8kicmcvivwmybwjlpf7wh20l-graalvm17-ce-22.3.0/lib/libjli.so
7f18517de000-7f18517e1000 r--p 00000000 00:1e9a 4611686019106210071      /nix/store/026hln0aq1hyshaxsdvhg0kmcm6yf45r-zlib-1.2.13/lib/libz.so.1.2.13
7f18517e1000-7f18517f3000 r-xp 00003000 00:1e9a 4611686019106210071      /nix/store/026hln0aq1hyshaxsdvhg0kmcm6yf45r-zlib-1.2.13/lib/libz.so.1.2.13
7f18517f3000-7f18517fa000 r--p 00015000 00:1e9a 4611686019106210071      /nix/store/026hln0aq1hyshaxsdvhg0kmcm6yf45r-zlib-1.2.13/lib/libz.so.1.2.13
7f18517fa000-7f18517fb000 r--p 0001b000 00:1e9a 4611686019106210071      /nix/store/026hln0aq1hyshaxsdvhg0kmcm6yf45r-zlib-1.2.13/lib/libz.so.1.2.13
7f18517fb000-7f18517fc000 rw-p 0001c000 00:1e9a 4611686019106210071      /nix/store/026hln0aq1hyshaxsdvhg0kmcm6yf45r-zlib-1.2.13/lib/libz.so.1.2.13
7f18517fc000-7f18517fe000 rw-p 00000000 00:00 0 
7f18517fe000-7f1851800000 r--p 00000000 00:1e9a 4611686019027979912      /nix/store/4nlgxhb09sdr51nc9hdm8az5b08vzkgx-glibc-2.35-163/lib/ld-linux-x86-64.so.2
7f1851800000-7f1851827000 r-xp 00002000 00:1e9a 4611686019027979912      /nix/store/4nlgxhb09sdr51nc9hdm8az5b08vzkgx-glibc-2.35-163/lib/ld-linux-x86-64.so.2
7f1851827000-7f1851833000 r--p 00029000 00:1e9a 4611686019027979912      /nix/store/4nlgxhb09sdr51nc9hdm8az5b08vzkgx-glibc-2.35-163/lib/ld-linux-x86-64.so.2
7f1851833000-7f1851835000 r--p 00034000 00:1e9a 4611686019027979912      /nix/store/4nlgxhb09sdr51nc9hdm8az5b08vzkgx-glibc-2.35-163/lib/ld-linux-x86-64.so.2
7f1851835000-7f1851837000 rw-p 00036000 00:1e9a 4611686019027979912      /nix/store/4nlgxhb09sdr51nc9hdm8az5b08vzkgx-glibc-2.35-163/lib/ld-linux-x86-64.so.2
7ffd61544000-7ffd61568000 rw-p 00000000 00:00 0                          [stack]
7ffd61579000-7ffd6157d000 r--p 00000000 00:00 0                          [vvar]
7ffd6157d000-7ffd6157f000 r-xp 00000000 00:00 0                          [vdso]
ffffffffff600000-ffffffffff601000 --xp 00000000 00:00 0                  [vsyscall]


VM Arguments:
jvm_args: -XX:ThreadPriorityPolicy=1 -XX:+UnlockExperimentalVMOptions -XX:+EnableJVMCIProduct -XX:JVMCIThreadsPerNativeLibraryRuntime=1 -XX:-UnlockExperimentalVMOptions -Declipse.application=org.eclipse.jdt.ls.core.id1 -Dosgi.bundles.defaultStartLevel=4 -Declipse.product=org.eclipse.jdt.ls.core.product -Dlog.level=ALL -Xverify:none -XX:+UseParallelGC -XX:GCTimeRatio=4 -XX:AdaptiveSizePolicyWeight=90 -Dsun.zip.disableMemoryMapping=true -Xmx512m -Xms100m 
java_command: /nix/store/m6gcpi1ii6rghy04cjwjddcavv7i90df-jdt-language-server-1.9.0/share/java/plugins/org.eclipse.equinox.launcher_1.6.400.v20210924-0641.jar --add-modules=ALL-SYSTEM --add-opens java.base/java.util=ALL-UNNAMED --add-opens java.base/java.lang=ALL-UNNAMED -configuration /home/runner/.cache/jdt-language-server/config -data /home/runner/.cache/jdt-language-server/data/home/runner/pilhas
java_class_path (initial): /nix/store/m6gcpi1ii6rghy04cjwjddcavv7i90df-jdt-language-server-1.9.0/share/java/plugins/org.eclipse.equinox.launcher_1.6.400.v20210924-0641.jar
Launcher Type: SUN_STANDARD

[Global flags]
    uintx AdaptiveSizePolicyWeight                 = 90                                        {product} {command line}
     intx CICompilerCount                          = 2                                         {product} {ergonomic}
     bool EnableJVMCIProduct                       = true                                {JVMCI product} {jimage}
    uintx GCTimeRatio                              = 4                                         {product} {command line}
   size_t InitialHeapSize                          = 104857600                                 {product} {command line}
     uint JVMCIThreadsPerNativeLibraryRuntime      = 1                                   {JVMCI product} {jimage}
   size_t MaxHeapSize                              = 536870912                                 {product} {command line}
   size_t MaxNewSize                               = 178782208                                 {product} {ergonomic}
   size_t MinHeapDeltaBytes                        = 524288                                    {product} {ergonomic}
   size_t MinHeapSize                              = 104857600                                 {product} {command line}
   size_t NewSize                                  = 34603008                                  {product} {ergonomic}
    uintx NonNMethodCodeHeapSize                   = 5826188                                {pd product} {ergonomic}
    uintx NonProfiledCodeHeapSize                  = 122916026                              {pd product} {ergonomic}
   size_t OldSize                                  = 70254592                                  {product} {ergonomic}
    uintx ProfiledCodeHeapSize                     = 122916026                              {pd product} {ergonomic}
    uintx ReservedCodeCacheSize                    = 251658240                              {pd product} {ergonomic}
     bool SegmentedCodeCache                       = true                                      {product} {ergonomic}
   size_t SoftMaxHeapSize                          = 536870912                              {manageable} {ergonomic}
     intx ThreadPriorityPolicy                     = 1                                         {product} {jimage}
     bool UseCompressedClassPointers               = true                           {product lp64_product} {ergonomic}
     bool UseCompressedOops                        = true                           {product lp64_product} {ergonomic}
     bool UseParallelGC                            = true                                      {product} {command line}

Logging:
Log output configuration:
 #0: stdout all=warning uptime,level,tags
 #1: stderr all=off uptime,level,tags

Environment Variables:
JAVA_HOME=/nix/store/gpxl5qgg8kicmcvivwmybwjlpf7wh20l-graalvm17-ce-22.3.0
PATH=/nix/store/1d6ian3r8kdzspw8hacjhl3xkp40g1lj-binutils-wrapper-2.39/bin:/nix/store/dq0xwmsk1g0i2ayg6pb7y87na2knzylh-gcc-wrapper-11.3.0/bin:/nix/store/bap4d0lpcrhpwmpb8ayjcgkmvfj62lnq-bash-interactive-5.1-p16/bin:/nix/store/pr5n59mb4jzmfx6kanwxly0l07p861fg-patchelf-0.15.0/bin:/nix/store/1gf2flfqnpqbr1b4p4qz2f72y42bs56r-gcc-11.3.0/bin:/nix/store/57xv61c5zi8pphjbcwxxjlgc34p61ic9-glibc-2.35-163-bin/bin:/nix/store/a7gvj343m05j2s32xcnwr35v31ynlypr-coreutils-9.1/bin:/nix/store/039g378vc3pc3dvi9dzdlrd0i4q93qwf-binutils-2.39/bin:/nix/store/gpxl5qgg8kicmcvivwmybwjlpf7wh20l-graalvm17-ce-22.3.0/bin:/nix/store/6z9ag3ihc8mq2hzsw48lhbznvzny65nz-apache-maven-3.8.6/bin:/nix/store/m6gcpi1ii6rghy04cjwjddcavv7i90df-jdt-language-server-1.9.0/bin:/nix/store/84xs5alhs01zrbr4ywm05kxbjbp5590l-java-debug/bin:/nix/store/mydc6f4k2z73xlcz7ilif3v2lcaiqvza-findutils-4.9.0/bin:/nix/store/j9p3g8472iijd50vhdprx0nmk2fqn5gv-diffutils-3.8/bin:/nix/store/89zs7rms6x00xfq4dq6m7mjnhkr8a6r4-gnused-4.8/bin:/nix/store/86bp03jkmsl6f92w0yzg4s59g5mhxwmy-gnugrep-3.7/bin:/nix/store/hwcdqw4jrjnd37wxqgsd47hd0j8bnj09-gawk-5.1.1/bin:/nix/store/cfbhw8r8ags41vwqaz47r583d0p4h4a1-gnutar-1.34/bin:/nix/store/p3m1ndl1lapwrlh698bnb5lvvxh67378-gzip-1.12/bin:/nix/store/a8mhcagrsly7c7mpjrpsnaahk4aax056-bzip2-1.0.8-bin/bin:/nix/store/mblgz65m3zv9x548a3d5m96fj2pbwr09-gnumake-4.3/bin:/nix/store/dsd5gz46hdbdk2rfdimqddhq6m8m8fqs-bash-5.1-p16/bin:/nix/store/v7ljksji50mg3w61dykaa3n3y79n6nil-patch-2.7.6/bin:/nix/store/zlcnmqq14jz5x9439jf937mvayyl63da-xz-5.2.7-bin/bin:/nix/store/y6aj732zm9m87c82fpvf103a1xb22blp-file-5.43/bin:/nix/store/i4kzir3m7mrisxmf5xvlnkw01x4qaqr4-prybar-elisp-0.0.0-e0d9a52/bin:/nix/store/lwwivxf6h7x3cvxp9zv8sj0mv7dak99r-prybar-lua-0.0.0-e0d9a52/bin:/nix/store/gxj28g1cg4hq3qanmjv07156h800qr58-prybar-python3-0.0.0-e0d9a52/bin:/nix/store/hshkjnxrgidigf8x75vg6lqng2xlx9i3-prybar-sqlite-0.0.0-e0d9a52/bin:/nix/store/c4w01bpjgyy5ixmwdk8m1pw87zq4sl26-prybar-tcl-0.0.0-e0d9a52/bin:/nix/store/hpbvrlwd5viqmvcaisb3x0118i913a9n-st
LD_LIBRARY_PATH=/nix/store/a4pff549sk2idnkpzk5nsfps3mdkdnvm-cups-2.4.2-lib/lib:/nix/store/72mqxxhh3cy5yifh92wh2yb8cl2hikyy-cairo-1.16.0/lib:/nix/store/2k366jrbsra97gjfxwvrhvixjfxdach5-glib-2.74.1/lib:/nix/store/2j2znigd8ak37rlwh9khz0ry3clqlw1l-gtk+3-3.24.34/lib:/nix/store/hisqvx32cd57apbpcsnkpx6k3549wql1-libglvnd-1.4.0/lib:/nix/store/p36pgcv991mq5srvg765b78yqpxvk3qs-mesa-21.3.3-drivers/lib:/nix/store/mav4251if1ahjq5vkpwycyyvnmy459c4-pulseaudio-14.2/lib
DISPLAY=:0
LANG=en_US.UTF-8

Signal Handlers:
   SIGSEGV: crash_handler in libjvm.so, mask=11100100010111111101111111111110, flags=SA_RESTART|SA_SIGINFO
    SIGBUS: crash_handler in libjvm.so, mask=11100100010111111101111111111110, flags=SA_RESTART|SA_SIGINFO
    SIGFPE: crash_handler in libjvm.so, mask=11100100010111111101111111111110, flags=SA_RESTART|SA_SIGINFO
   SIGPIPE: IsolateEnterStub_IgnoreSIGPIPEStartupHook_noopSignalHandler_8f19bff2f35b5f630d83b364d6b2339320d4ec70_216e8361c6bc87a8f89f58cc10d3b2fd4415bf87 in libjvmcicompiler.so, mask=00000000000000000000000000000000, flags=SA_RESTART
  *** Handler was modified!
  *** Expected: javaSignalHandler in libjvm.so, mask=11100100110111111111111111111110, flags=SA_RESTART|SA_SIGINFO
   SIGXFSZ: javaSignalHandler in libjvm.so, mask=11100100010111111101111111111110, flags=SA_RESTART|SA_SIGINFO
    SIGILL: crash_handler in libjvm.so, mask=11100100010111111101111111111110, flags=SA_RESTART|SA_SIGINFO
   SIGUSR2: SR_handler in libjvm.so, mask=00000000000000000000000000000000, flags=SA_RESTART|SA_SIGINFO
    SIGHUP: UserHandler in libjvm.so, mask=11100100010111111101111111111110, flags=SA_RESTART|SA_SIGINFO
    SIGINT: UserHandler in libjvm.so, mask=11100100010111111101111111111110, flags=SA_RESTART|SA_SIGINFO
   SIGTERM: UserHandler in libjvm.so, mask=11100100010111111101111111111110, flags=SA_RESTART|SA_SIGINFO
   SIGQUIT: UserHandler in libjvm.so, mask=11100100010111111101111111111110, flags=SA_RESTART|SA_SIGINFO
  *** Handler was modified!
  *** Expected: javaSignalHandler in libjvm.so, mask=11100100110111111111111111111110, flags=SA_RESTART|SA_SIGINFO
   SIGTRAP: crash_handler in libjvm.so, mask=11100100010111111101111111111110, flags=SA_RESTART|SA_SIGINFO


---------------  S Y S T E M  ---------------

OS:
DISTRIB_ID=Ubuntu
DISTRIB_RELEASE=20.04
DISTRIB_CODENAME=focal
DISTRIB_DESCRIPTION="Ubuntu 20.04.2 LTS"
uname: Linux 5.15.0-1031-gcp #38~20.04.1-Ubuntu SMP Sun Mar 12 04:47:58 UTC 2023 x86_64
OS uptime: 0 days 12:04 hours
libc: glibc 2.35 NPTL 2.35 
rlimit (soft/hard): STACK 8192k/infinity , CORE infinity/infinity , NPROC infinity/infinity , NOFILE 5242/5242 , AS infinity/infinity , CPU infinity/infinity , DATA infinity/infinity , FSIZE infinity/infinity , MEMLOCK 64k/64k
load average: 14.46 14.30 14.88

/proc/meminfo:
MemTotal:       65852712 kB
MemFree:        10598248 kB
MemAvailable:   39940492 kB
Buffers:         2911004 kB
Cached:         24953776 kB
SwapCached:            0 kB
Active:         11414124 kB
Inactive:       38614496 kB
Active(anon):      15888 kB
Inactive(anon): 21976360 kB
Active(file):   11398236 kB
Inactive(file): 16638136 kB
Unevictable:       43552 kB
Mlocked:           43552 kB
SwapTotal:             0 kB
SwapFree:              0 kB
Dirty:               508 kB
Writeback:             0 kB
AnonPages:      20790912 kB
Mapped:          2034236 kB
Shmem:             42856 kB
KReclaimable:    2032472 kB
Slab:            4166128 kB
SReclaimable:    2032472 kB
SUnreclaim:      2133656 kB
KernelStack:      411132 kB
PageTables:       203876 kB
NFS_Unstable:          0 kB
Bounce:                0 kB
WritebackTmp:          0 kB
CommitLimit:    32926356 kB
Committed_AS:   73279428 kB
VmallocTotal:   34359738367 kB
VmallocUsed:      461480 kB
VmallocChunk:          0 kB
Percpu:            73600 kB
HardwareCorrupted:     0 kB
AnonHugePages:   2975744 kB
ShmemHugePages:        0 kB
ShmemPmdMapped:        0 kB
FileHugePages:         0 kB
FilePmdMapped:         0 kB
HugePages_Total:       0
HugePages_Free:        0
HugePages_Rsvd:        0
HugePages_Surp:        0
Hugepagesize:       2048 kB
Hugetlb:               0 kB
DirectMap4k:     5751616 kB
DirectMap2M:    59256832 kB
DirectMap1G:     4194304 kB

/sys/kernel/mm/transparent_hugepage/enabled: always [madvise] never
/sys/kernel/mm/transparent_hugepage/defrag (defrag/compaction efforts parameter): always defer defer+madvise [madvise] never

Process Memory:
Virtual Size: 4921980K (peak: 4969276K)
Resident Set Size: 761420K (peak: 798592K) (anon: 567328K, file: 194092K, shmem: 0K)
Swapped out: 0K
C-Heap outstanding allocations: 44142K, retained: 10869K
glibc malloc tunables: (default)

/proc/sys/kernel/threads-max (system-wide limit on the number of threads): 514406
/proc/sys/vm/max_map_count (maximum number of memory map areas a process may have): 65530
/proc/sys/kernel/pid_max (system-wide limit on number of process identifiers): 4194304

container (cgroup) information:
container_type: cgroupv1
cpu_cpuset_cpus: 2-7
cpu_memory_nodes: 0
active_processor_count: 1
cpu_quota: 50000
cpu_period: 100000
cpu_shares: 512
memory_limit_in_bytes: 1048576 k
memory_and_swap_limit_in_bytes: 1048576 k
memory_soft_limit_in_bytes: 524288 k
memory_usage_in_bytes: 612260 k
memory_max_usage_in_bytes: 740772 k
maximum number of tasks: 1000
current number of tasks: 47

KVM virtualization detected
Steal ticks since vm start: 0
Steal ticks percentage since vm start:  0.000

CPU: total 8 (initial active 1) (8 cores per cpu, 2 threads per core) family 23 model 49 stepping 0 microcode 0xffffffff, cx8, cmov, fxsr, ht, mmx, 3dnowpref, sse, sse2, sse3, ssse3, sse4a, sse4.1, sse4.2, popcnt, lzcnt, tsc, tscinvbit, avx, avx2, aes, clmul, bmi1, bmi2, adx, sha, fma, vzeroupper, clflush, clflushopt, hv
CPU Model and flags from /proc/cpuinfo:
model name	: AMD EPYC 7B12
flags		: fpu vme de pse tsc msr pae mce cx8 apic sep mtrr pge mca cmov pat pse36 clflush mmx fxsr sse sse2 ht syscall nx mmxext fxsr_opt pdpe1gb rdtscp lm constant_tsc rep_good nopl nonstop_tsc cpuid extd_apicid tsc_known_freq pni pclmulqdq ssse3 fma cx16 sse4_1 sse4_2 movbe popcnt aes xsave avx f16c rdrand hypervisor lahf_lm cmp_legacy cr8_legacy abm sse4a misalignsse 3dnowprefetch osvw topoext ssbd ibrs ibpb stibp vmmcall fsgsbase tsc_adjust bmi1 avx2 smep bmi2 rdseed adx smap clflushopt clwb sha_ni xsaveopt xsavec xgetbv1 clzero xsaveerptr arat npt nrip_save umip rdpid

Online cpus: 0-7
Offline cpus: 
BIOS frequency limitation: <Not Available>
Frequency switch latency (ns): <Not Available>
Available cpu frequencies: <Not Available>
Current governor: <Not Available>
Core performance/turbo boost: <Not Available>

Memory: 4k page, physical 1048576k(436304k free), swap 0k(0k free)
Page Sizes: 4k

vm_info: OpenJDK 64-Bit Server VM (17.0.5+8-jvmci-22.3-b08) for linux-amd64 JRE (17.0.5+8-jvmci-22.3-b08), built on Oct 19 2022 09:01:27 by "buildslave" with gcc 10.3.0

END.
